{"total": {"lines":{"total":246,"covered":165,"skipped":0,"pct":67.07},"statements":{"total":259,"covered":170,"skipped":0,"pct":65.63},"functions":{"total":56,"covered":41,"skipped":0,"pct":73.21},"branches":{"total":119,"covered":83,"skipped":0,"pct":69.74},"branchesTrue":{"total":0,"covered":0,"skipped":0,"pct":100}}
,"/Users/agurodriguez/Code/keeper.sh/services/mcp/src/context.ts": {"lines":{"total":7,"covered":0,"skipped":0,"pct":0},"functions":{"total":0,"covered":0,"skipped":0,"pct":100},"statements":{"total":7,"covered":0,"skipped":0,"pct":0},"branches":{"total":4,"covered":0,"skipped":0,"pct":0}}
,"/Users/agurodriguez/Code/keeper.sh/services/mcp/src/env.ts": {"lines":{"total":6,"covered":0,"skipped":0,"pct":0},"functions":{"total":2,"covered":0,"skipped":0,"pct":0},"statements":{"total":7,"covered":0,"skipped":0,"pct":0},"branches":{"total":0,"covered":0,"skipped":0,"pct":100}}
,"/Users/agurodriguez/Code/keeper.sh/services/mcp/src/index.ts": {"lines":{"total":24,"covered":0,"skipped":0,"pct":0},"functions":{"total":3,"covered":0,"skipped":0,"pct":0},"statements":{"total":24,"covered":0,"skipped":0,"pct":0},"branches":{"total":10,"covered":0,"skipped":0,"pct":0}}
,"/Users/agurodriguez/Code/keeper.sh/services/mcp/src/mcp-handler.ts": {"lines":{"total":70,"covered":48,"skipped":0,"pct":68.57},"functions":{"total":14,"covered":9,"skipped":0,"pct":64.28},"statements":{"total":72,"covered":48,"skipped":0,"pct":66.66},"branches":{"total":22,"covered":17,"skipped":0,"pct":77.27}}
,"/Users/agurodriguez/Code/keeper.sh/services/mcp/src/toolset.ts": {"lines":{"total":94,"covered":82,"skipped":0,"pct":87.23},"functions":{"total":23,"covered":22,"skipped":0,"pct":95.65},"statements":{"total":99,"covered":86,"skipped":0,"pct":86.86},"branches":{"total":71,"covered":56,"skipped":0,"pct":78.87}}
,"/Users/agurodriguez/Code/keeper.sh/services/mcp/src/routes/health.ts": {"lines":{"total":2,"covered":2,"skipped":0,"pct":100},"functions":{"total":1,"covered":1,"skipped":0,"pct":100},"statements":{"total":2,"covered":2,"skipped":0,"pct":100},"branches":{"total":0,"covered":0,"skipped":0,"pct":100}}
,"/Users/agurodriguez/Code/keeper.sh/services/mcp/src/routes/mcp.ts": {"lines":{"total":4,"covered":0,"skipped":0,"pct":0},"functions":{"total":4,"covered":0,"skipped":0,"pct":0},"statements":{"total":8,"covered":0,"skipped":0,"pct":0},"branches":{"total":0,"covered":0,"skipped":0,"pct":100}}
,"/Users/agurodriguez/Code/keeper.sh/services/mcp/src/utils/logging.ts": {"lines":{"total":2,"covered":2,"skipped":0,"pct":100},"functions":{"total":0,"covered":0,"skipped":0,"pct":100},"statements":{"total":2,"covered":2,"skipped":0,"pct":100},"branches":{"total":2,"covered":2,"skipped":0,"pct":100}}
,"/Users/agurodriguez/Code/keeper.sh/services/mcp/src/utils/middleware.ts": {"lines":{"total":28,"covered":22,"skipped":0,"pct":78.57},"functions":{"total":5,"covered":5,"skipped":0,"pct":100},"statements":{"total":28,"covered":22,"skipped":0,"pct":78.57},"branches":{"total":6,"covered":4,"skipped":0,"pct":66.66}}
,"/Users/agurodriguez/Code/keeper.sh/services/mcp/src/utils/route-handler.ts": {"lines":{"total":9,"covered":9,"skipped":0,"pct":100},"functions":{"total":4,"covered":4,"skipped":0,"pct":100},"statements":{"total":10,"covered":10,"skipped":0,"pct":100},"branches":{"total":4,"covered":4,"skipped":0,"pct":100}}
}
