{"total": {"lines":{"total":192,"covered":119,"skipped":0,"pct":61.97},"statements":{"total":194,"covered":121,"skipped":0,"pct":62.37},"functions":{"total":36,"covered":25,"skipped":0,"pct":69.44},"branches":{"total":131,"covered":61,"skipped":0,"pct":46.56},"branchesTrue":{"total":0,"covered":0,"skipped":0,"pct":100}}
,"/Users/agurodriguez/Code/keeper.sh/packages/auth/src/capabilities.ts": {"lines":{"total":8,"covered":8,"skipped":0,"pct":100},"functions":{"total":3,"covered":3,"skipped":0,"pct":100},"statements":{"total":8,"covered":8,"skipped":0,"pct":100},"branches":{"total":13,"covered":10,"skipped":0,"pct":76.92}}
,"/Users/agurodriguez/Code/keeper.sh/packages/auth/src/index.ts": {"lines":{"total":108,"covered":44,"skipped":0,"pct":40.74},"functions":{"total":16,"covered":5,"skipped":0,"pct":31.25},"statements":{"total":108,"covered":44,"skipped":0,"pct":40.74},"branches":{"total":87,"covered":32,"skipped":0,"pct":36.78}}
,"/Users/agurodriguez/Code/keeper.sh/packages/auth/src/mcp-config.ts": {"lines":{"total":17,"covered":17,"skipped":0,"pct":100},"functions":{"total":4,"covered":4,"skipped":0,"pct":100},"statements":{"total":17,"covered":17,"skipped":0,"pct":100},"branches":{"total":4,"covered":4,"skipped":0,"pct":100}}
,"/Users/agurodriguez/Code/keeper.sh/packages/auth/src/polar-customer-delete.ts": {"lines":{"total":18,"covered":14,"skipped":0,"pct":77.77},"functions":{"total":4,"covered":4,"skipped":0,"pct":100},"statements":{"total":18,"covered":14,"skipped":0,"pct":77.77},"branches":{"total":12,"covered":6,"skipped":0,"pct":50}}
,"/Users/agurodriguez/Code/keeper.sh/packages/auth/src/runtime-environment.ts": {"lines":{"total":7,"covered":6,"skipped":0,"pct":85.71},"functions":{"total":3,"covered":3,"skipped":0,"pct":100},"statements":{"total":8,"covered":7,"skipped":0,"pct":87.5},"branches":{"total":5,"covered":3,"skipped":0,"pct":60}}
,"/Users/agurodriguez/Code/keeper.sh/packages/auth/src/plugins/username-only/index.ts": {"lines":{"total":3,"covered":3,"skipped":0,"pct":100},"functions":{"total":1,"covered":1,"skipped":0,"pct":100},"statements":{"total":3,"covered":3,"skipped":0,"pct":100},"branches":{"total":0,"covered":0,"skipped":0,"pct":100}}
,"/Users/agurodriguez/Code/keeper.sh/packages/auth/src/plugins/username-only/endpoints/sign-in.ts": {"lines":{"total":16,"covered":13,"skipped":0,"pct":81.25},"functions":{"total":2,"covered":2,"skipped":0,"pct":100},"statements":{"total":16,"covered":13,"skipped":0,"pct":81.25},"branches":{"total":6,"covered":3,"skipped":0,"pct":50}}
,"/Users/agurodriguez/Code/keeper.sh/packages/auth/src/plugins/username-only/endpoints/sign-up.ts": {"lines":{"total":12,"covered":11,"skipped":0,"pct":91.66},"functions":{"total":2,"covered":2,"skipped":0,"pct":100},"statements":{"total":12,"covered":11,"skipped":0,"pct":91.66},"branches":{"total":4,"covered":3,"skipped":0,"pct":75}}
,"/Users/agurodriguez/Code/keeper.sh/packages/auth/src/plugins/username-only/utils/config.ts": {"lines":{"total":2,"covered":2,"skipped":0,"pct":100},"functions":{"total":1,"covered":1,"skipped":0,"pct":100},"statements":{"total":3,"covered":3,"skipped":0,"pct":100},"branches":{"total":0,"covered":0,"skipped":0,"pct":100}}
,"/Users/agurodriguez/Code/keeper.sh/packages/auth/src/plugins/username-only/utils/schema.ts": {"lines":{"total":1,"covered":1,"skipped":0,"pct":100},"functions":{"total":0,"covered":0,"skipped":0,"pct":100},"statements":{"total":1,"covered":1,"skipped":0,"pct":100},"branches":{"total":0,"covered":0,"skipped":0,"pct":100}}
}
