{"total": {"lines":{"total":125,"covered":52,"skipped":0,"pct":41.6},"statements":{"total":126,"covered":53,"skipped":0,"pct":42.06},"functions":{"total":63,"covered":6,"skipped":0,"pct":9.52},"branches":{"total":12,"covered":11,"skipped":0,"pct":91.66},"branchesTrue":{"total":0,"covered":0,"skipped":0,"pct":100}}
,"/Users/agurodriguez/Code/keeper.sh/packages/database/src/encryption.ts": {"lines":{"total":21,"covered":21,"skipped":0,"pct":100},"functions":{"total":3,"covered":3,"skipped":0,"pct":100},"statements":{"total":21,"covered":21,"skipped":0,"pct":100},"branches":{"total":8,"covered":8,"skipped":0,"pct":100}}
,"/Users/agurodriguez/Code/keeper.sh/packages/database/src/database/auth-schema.ts": {"lines":{"total":29,"covered":10,"skipped":0,"pct":34.48},"functions":{"total":19,"covered":0,"skipped":0,"pct":0},"statements":{"total":29,"covered":10,"skipped":0,"pct":34.48},"branches":{"total":0,"covered":0,"skipped":0,"pct":100}}
,"/Users/agurodriguez/Code/keeper.sh/packages/database/src/database/schema.ts": {"lines":{"total":52,"covered":0,"skipped":0,"pct":0},"functions":{"total":37,"covered":0,"skipped":0,"pct":0},"statements":{"total":52,"covered":0,"skipped":0,"pct":0},"branches":{"total":0,"covered":0,"skipped":0,"pct":100}}
,"/Users/agurodriguez/Code/keeper.sh/packages/database/src/utils/database.ts": {"lines":{"total":23,"covered":21,"skipped":0,"pct":91.3},"functions":{"total":4,"covered":3,"skipped":0,"pct":75},"statements":{"total":24,"covered":22,"skipped":0,"pct":91.66},"branches":{"total":4,"covered":3,"skipped":0,"pct":75}}
}
