{"total": {"lines":{"total":3682,"covered":2578,"skipped":0,"pct":70.01},"statements":{"total":3771,"covered":2641,"skipped":0,"pct":70.03},"functions":{"total":621,"covered":425,"skipped":0,"pct":68.43},"branches":{"total":1779,"covered":1030,"skipped":0,"pct":57.89},"branchesTrue":{"total":0,"covered":0,"skipped":0,"pct":100}}
,"/Users/agurodriguez/Code/keeper.sh/packages/calendar/src/core/events/all-day.ts": {"lines":{"total":12,"covered":12,"skipped":0,"pct":100},"functions":{"total":3,"covered":3,"skipped":0,"pct":100},"statements":{"total":12,"covered":12,"skipped":0,"pct":100},"branches":{"total":12,"covered":12,"skipped":0,"pct":100}}
,"/Users/agurodriguez/Code/keeper.sh/packages/calendar/src/core/events/content-hash.ts": {"lines":{"total":9,"covered":9,"skipped":0,"pct":100},"functions":{"total":4,"covered":4,"skipped":0,"pct":100},"statements":{"total":11,"covered":11,"skipped":0,"pct":100},"branches":{"total":10,"covered":10,"skipped":0,"pct":100}}
,"/Users/agurodriguez/Code/keeper.sh/packages/calendar/src/core/events/events.ts": {"lines":{"total":76,"covered":34,"skipped":0,"pct":44.73},"functions":{"total":13,"covered":4,"skipped":0,"pct":30.76},"statements":{"total":77,"covered":34,"skipped":0,"pct":44.15},"branches":{"total":58,"covered":19,"skipped":0,"pct":32.75}}
,"/Users/agurodriguez/Code/keeper.sh/packages/calendar/src/core/events/identity.ts": {"lines":{"total":4,"covered":4,"skipped":0,"pct":100},"functions":{"total":2,"covered":2,"skipped":0,"pct":100},"statements":{"total":5,"covered":5,"skipped":0,"pct":100},"branches":{"total":0,"covered":0,"skipped":0,"pct":100}}
,"/Users/agurodriguez/Code/keeper.sh/packages/calendar/src/core/events/mappings.ts": {"lines":{"total":13,"covered":13,"skipped":0,"pct":100},"functions":{"total":6,"covered":6,"skipped":0,"pct":100},"statements":{"total":14,"covered":14,"skipped":0,"pct":100},"branches":{"total":4,"covered":3,"skipped":0,"pct":75}}
,"/Users/agurodriguez/Code/keeper.sh/packages/calendar/src/core/events/recurrence.ts": {"lines":{"total":136,"covered":110,"skipped":0,"pct":80.88},"functions":{"total":14,"covered":14,"skipped":0,"pct":100},"statements":{"total":138,"covered":112,"skipped":0,"pct":81.15},"branches":{"total":87,"covered":62,"skipped":0,"pct":71.26}}
,"/Users/agurodriguez/Code/keeper.sh/packages/calendar/src/core/oauth/accounts.ts": {"lines":{"total":24,"covered":22,"skipped":0,"pct":91.66},"functions":{"total":5,"covered":5,"skipped":0,"pct":100},"statements":{"total":25,"covered":23,"skipped":0,"pct":92},"branches":{"total":12,"covered":6,"skipped":0,"pct":50}}
,"/Users/agurodriguez/Code/keeper.sh/packages/calendar/src/core/oauth/config.ts": {"lines":{"total":11,"covered":10,"skipped":0,"pct":90.9},"functions":{"total":2,"covered":2,"skipped":0,"pct":100},"statements":{"total":11,"covered":10,"skipped":0,"pct":90.9},"branches":{"total":4,"covered":3,"skipped":0,"pct":75}}
,"/Users/agurodriguez/Code/keeper.sh/packages/calendar/src/core/oauth/coordinated-refresher.ts": {"lines":{"total":13,"covered":10,"skipped":0,"pct":76.92},"functions":{"total":3,"covered":3,"skipped":0,"pct":100},"statements":{"total":13,"covered":10,"skipped":0,"pct":76.92},"branches":{"total":4,"covered":2,"skipped":0,"pct":50}}
,"/Users/agurodriguez/Code/keeper.sh/packages/calendar/src/core/oauth/create-source-provider.ts": {"lines":{"total":49,"covered":11,"skipped":0,"pct":22.44},"functions":{"total":6,"covered":0,"skipped":0,"pct":0},"statements":{"total":50,"covered":11,"skipped":0,"pct":22},"branches":{"total":18,"covered":0,"skipped":0,"pct":0}}
,"/Users/agurodriguez/Code/keeper.sh/packages/calendar/src/core/oauth/ensure-valid-token.ts": {"lines":{"total":9,"covered":9,"skipped":0,"pct":100},"functions":{"total":1,"covered":1,"skipped":0,"pct":100},"statements":{"total":9,"covered":9,"skipped":0,"pct":100},"branches":{"total":4,"covered":4,"skipped":0,"pct":100}}
,"/Users/agurodriguez/Code/keeper.sh/packages/calendar/src/core/oauth/error-classification.ts": {"lines":{"total":8,"covered":8,"skipped":0,"pct":100},"functions":{"total":2,"covered":2,"skipped":0,"pct":100},"statements":{"total":8,"covered":8,"skipped":0,"pct":100},"branches":{"total":8,"covered":8,"skipped":0,"pct":100}}
,"/Users/agurodriguez/Code/keeper.sh/packages/calendar/src/core/oauth/google.ts": {"lines":{"total":100,"covered":78,"skipped":0,"pct":78},"functions":{"total":15,"covered":11,"skipped":0,"pct":73.33},"statements":{"total":102,"covered":80,"skipped":0,"pct":78.43},"branches":{"total":42,"covered":24,"skipped":0,"pct":57.14}}
,"/Users/agurodriguez/Code/keeper.sh/packages/calendar/src/core/oauth/microsoft.ts": {"lines":{"total":53,"covered":42,"skipped":0,"pct":79.24},"functions":{"total":9,"covered":6,"skipped":0,"pct":66.66},"statements":{"total":53,"covered":42,"skipped":0,"pct":79.24},"branches":{"total":13,"covered":5,"skipped":0,"pct":38.46}}
,"/Users/agurodriguez/Code/keeper.sh/packages/calendar/src/core/oauth/providers.ts": {"lines":{"total":31,"covered":12,"skipped":0,"pct":38.7},"functions":{"total":9,"covered":3,"skipped":0,"pct":33.33},"statements":{"total":33,"covered":14,"skipped":0,"pct":42.42},"branches":{"total":15,"covered":3,"skipped":0,"pct":20}}
,"/Users/agurodriguez/Code/keeper.sh/packages/calendar/src/core/oauth/refresh-coordinator.ts": {"lines":{"total":23,"covered":16,"skipped":0,"pct":69.56},"functions":{"total":5,"covered":3,"skipped":0,"pct":60},"statements":{"total":23,"covered":16,"skipped":0,"pct":69.56},"branches":{"total":9,"covered":5,"skipped":0,"pct":55.55}}
,"/Users/agurodriguez/Code/keeper.sh/packages/calendar/src/core/oauth/source-provider.ts": {"lines":{"total":36,"covered":5,"skipped":0,"pct":13.88},"functions":{"total":9,"covered":2,"skipped":0,"pct":22.22},"statements":{"total":36,"covered":5,"skipped":0,"pct":13.88},"branches":{"total":14,"covered":0,"skipped":0,"pct":0}}
,"/Users/agurodriguez/Code/keeper.sh/packages/calendar/src/core/oauth/state.ts": {"lines":{"total":18,"covered":17,"skipped":0,"pct":94.44},"functions":{"total":3,"covered":3,"skipped":0,"pct":100},"statements":{"total":19,"covered":18,"skipped":0,"pct":94.73},"branches":{"total":12,"covered":11,"skipped":0,"pct":91.66}}
,"/Users/agurodriguez/Code/keeper.sh/packages/calendar/src/core/oauth/sync-token.ts": {"lines":{"total":33,"covered":28,"skipped":0,"pct":84.84},"functions":{"total":4,"covered":4,"skipped":0,"pct":100},"statements":{"total":33,"covered":28,"skipped":0,"pct":84.84},"branches":{"total":16,"covered":12,"skipped":0,"pct":75}}
,"/Users/agurodriguez/Code/keeper.sh/packages/calendar/src/core/oauth/sync-window.ts": {"lines":{"total":14,"covered":14,"skipped":0,"pct":100},"functions":{"total":3,"covered":3,"skipped":0,"pct":100},"statements":{"total":14,"covered":14,"skipped":0,"pct":100},"branches":{"total":2,"covered":2,"skipped":0,"pct":100}}
,"/Users/agurodriguez/Code/keeper.sh/packages/calendar/src/core/oauth/zoho.ts": {"lines":{"total":81,"covered":29,"skipped":0,"pct":35.8},"functions":{"total":18,"covered":6,"skipped":0,"pct":33.33},"statements":{"total":83,"covered":31,"skipped":0,"pct":37.34},"branches":{"total":31,"covered":10,"skipped":0,"pct":32.25}}
,"/Users/agurodriguez/Code/keeper.sh/packages/calendar/src/core/source/event-diff.ts": {"lines":{"total":44,"covered":42,"skipped":0,"pct":95.45},"functions":{"total":13,"covered":13,"skipped":0,"pct":100},"statements":{"total":44,"covered":42,"skipped":0,"pct":95.45},"branches":{"total":29,"covered":25,"skipped":0,"pct":86.2}}
,"/Users/agurodriguez/Code/keeper.sh/packages/calendar/src/core/source/sync-diagnostics.ts": {"lines":{"total":27,"covered":26,"skipped":0,"pct":96.29},"functions":{"total":7,"covered":7,"skipped":0,"pct":100},"statements":{"total":28,"covered":27,"skipped":0,"pct":96.42},"branches":{"total":10,"covered":9,"skipped":0,"pct":90}}
,"/Users/agurodriguez/Code/keeper.sh/packages/calendar/src/core/source/write-event-states.ts": {"lines":{"total":8,"covered":8,"skipped":0,"pct":100},"functions":{"total":2,"covered":2,"skipped":0,"pct":100},"statements":{"total":9,"covered":9,"skipped":0,"pct":100},"branches":{"total":2,"covered":2,"skipped":0,"pct":100}}
,"/Users/agurodriguez/Code/keeper.sh/packages/calendar/src/core/sync/aggregate-runtime.ts": {"lines":{"total":61,"covered":54,"skipped":0,"pct":88.52},"functions":{"total":13,"covered":11,"skipped":0,"pct":84.61},"statements":{"total":62,"covered":55,"skipped":0,"pct":88.7},"branches":{"total":28,"covered":24,"skipped":0,"pct":85.71}}
,"/Users/agurodriguez/Code/keeper.sh/packages/calendar/src/core/sync/aggregate-tracker.ts": {"lines":{"total":96,"covered":93,"skipped":0,"pct":96.87},"functions":{"total":16,"covered":14,"skipped":0,"pct":87.5},"statements":{"total":96,"covered":93,"skipped":0,"pct":96.87},"branches":{"total":65,"covered":60,"skipped":0,"pct":92.3}}
,"/Users/agurodriguez/Code/keeper.sh/packages/calendar/src/core/sync/operations.ts": {"lines":{"total":73,"covered":57,"skipped":0,"pct":78.08},"functions":{"total":16,"covered":15,"skipped":0,"pct":93.75},"statements":{"total":78,"covered":61,"skipped":0,"pct":78.2},"branches":{"total":34,"covered":15,"skipped":0,"pct":44.11}}
,"/Users/agurodriguez/Code/keeper.sh/packages/calendar/src/core/sync-engine/flush.ts": {"lines":{"total":20,"covered":20,"skipped":0,"pct":100},"functions":{"total":5,"covered":5,"skipped":0,"pct":100},"statements":{"total":21,"covered":21,"skipped":0,"pct":100},"branches":{"total":8,"covered":8,"skipped":0,"pct":100}}
,"/Users/agurodriguez/Code/keeper.sh/packages/calendar/src/core/sync-engine/generation.ts": {"lines":{"total":12,"covered":12,"skipped":0,"pct":100},"functions":{"total":2,"covered":2,"skipped":0,"pct":100},"statements":{"total":12,"covered":12,"skipped":0,"pct":100},"branches":{"total":4,"covered":4,"skipped":0,"pct":100}}
,"/Users/agurodriguez/Code/keeper.sh/packages/calendar/src/core/sync-engine/index.ts": {"lines":{"total":189,"covered":180,"skipped":0,"pct":95.23},"functions":{"total":20,"covered":19,"skipped":0,"pct":95},"statements":{"total":197,"covered":187,"skipped":0,"pct":94.92},"branches":{"total":64,"covered":52,"skipped":0,"pct":81.25}}
,"/Users/agurodriguez/Code/keeper.sh/packages/calendar/src/core/sync-engine/ingest.ts": {"lines":{"total":50,"covered":47,"skipped":0,"pct":94},"functions":{"total":1,"covered":1,"skipped":0,"pct":100},"statements":{"total":50,"covered":47,"skipped":0,"pct":94},"branches":{"total":18,"covered":16,"skipped":0,"pct":88.88}}
,"/Users/agurodriguez/Code/keeper.sh/packages/calendar/src/core/utils/concurrency.ts": {"lines":{"total":22,"covered":21,"skipped":0,"pct":95.45},"functions":{"total":2,"covered":2,"skipped":0,"pct":100},"statements":{"total":23,"covered":22,"skipped":0,"pct":95.65},"branches":{"total":5,"covered":4,"skipped":0,"pct":80}}
,"/Users/agurodriguez/Code/keeper.sh/packages/calendar/src/core/utils/error.ts": {"lines":{"total":4,"covered":4,"skipped":0,"pct":100},"functions":{"total":1,"covered":1,"skipped":0,"pct":100},"statements":{"total":4,"covered":4,"skipped":0,"pct":100},"branches":{"total":2,"covered":2,"skipped":0,"pct":100}}
,"/Users/agurodriguez/Code/keeper.sh/packages/calendar/src/core/utils/rate-limiter.ts": {"lines":{"total":80,"covered":71,"skipped":0,"pct":88.75},"functions":{"total":14,"covered":14,"skipped":0,"pct":100},"statements":{"total":81,"covered":72,"skipped":0,"pct":88.88},"branches":{"total":32,"covered":26,"skipped":0,"pct":81.25}}
,"/Users/agurodriguez/Code/keeper.sh/packages/calendar/src/core/utils/redis-rate-limiter.ts": {"lines":{"total":15,"covered":15,"skipped":0,"pct":100},"functions":{"total":2,"covered":2,"skipped":0,"pct":100},"statements":{"total":15,"covered":15,"skipped":0,"pct":100},"branches":{"total":2,"covered":2,"skipped":0,"pct":100}}
,"/Users/agurodriguez/Code/keeper.sh/packages/calendar/src/ics/utils/create-snapshot.ts": {"lines":{"total":18,"covered":2,"skipped":0,"pct":11.11},"functions":{"total":2,"covered":0,"skipped":0,"pct":0},"statements":{"total":18,"covered":2,"skipped":0,"pct":11.11},"branches":{"total":6,"covered":0,"skipped":0,"pct":0}}
,"/Users/agurodriguez/Code/keeper.sh/packages/calendar/src/ics/utils/diff-events.ts": {"lines":{"total":47,"covered":45,"skipped":0,"pct":95.74},"functions":{"total":11,"covered":10,"skipped":0,"pct":90.9},"statements":{"total":49,"covered":47,"skipped":0,"pct":95.91},"branches":{"total":33,"covered":26,"skipped":0,"pct":78.78}}
,"/Users/agurodriguez/Code/keeper.sh/packages/calendar/src/ics/utils/fetch-adapter.ts": {"lines":{"total":16,"covered":15,"skipped":0,"pct":93.75},"functions":{"total":4,"covered":4,"skipped":0,"pct":100},"statements":{"total":17,"covered":16,"skipped":0,"pct":94.11},"branches":{"total":4,"covered":3,"skipped":0,"pct":75}}
,"/Users/agurodriguez/Code/keeper.sh/packages/calendar/src/ics/utils/normalize-timezone.ts": {"lines":{"total":5,"covered":5,"skipped":0,"pct":100},"functions":{"total":1,"covered":1,"skipped":0,"pct":100},"statements":{"total":5,"covered":5,"skipped":0,"pct":100},"branches":{"total":4,"covered":4,"skipped":0,"pct":100}}
,"/Users/agurodriguez/Code/keeper.sh/packages/calendar/src/ics/utils/parse-ics-calendar.ts": {"lines":{"total":16,"covered":16,"skipped":0,"pct":100},"functions":{"total":4,"covered":4,"skipped":0,"pct":100},"statements":{"total":16,"covered":16,"skipped":0,"pct":100},"branches":{"total":4,"covered":4,"skipped":0,"pct":100}}
,"/Users/agurodriguez/Code/keeper.sh/packages/calendar/src/ics/utils/parse-ics-events.ts": {"lines":{"total":31,"covered":30,"skipped":0,"pct":96.77},"functions":{"total":6,"covered":6,"skipped":0,"pct":100},"statements":{"total":31,"covered":30,"skipped":0,"pct":96.77},"branches":{"total":27,"covered":23,"skipped":0,"pct":85.18}}
,"/Users/agurodriguez/Code/keeper.sh/packages/calendar/src/ics/utils/pull-remote-calendar.ts": {"lines":{"total":44,"covered":5,"skipped":0,"pct":11.36},"functions":{"total":6,"covered":0,"skipped":0,"pct":0},"statements":{"total":44,"covered":5,"skipped":0,"pct":11.36},"branches":{"total":26,"covered":0,"skipped":0,"pct":0}}
,"/Users/agurodriguez/Code/keeper.sh/packages/calendar/src/providers/caldav/destination/provider.ts": {"lines":{"total":38,"covered":9,"skipped":0,"pct":23.68},"functions":{"total":8,"covered":1,"skipped":0,"pct":12.5},"statements":{"total":38,"covered":9,"skipped":0,"pct":23.68},"branches":{"total":10,"covered":0,"skipped":0,"pct":0}}
,"/Users/agurodriguez/Code/keeper.sh/packages/calendar/src/providers/caldav/shared/client.ts": {"lines":{"total":48,"covered":25,"skipped":0,"pct":52.08},"functions":{"total":18,"covered":9,"skipped":0,"pct":50},"statements":{"total":48,"covered":25,"skipped":0,"pct":52.08},"branches":{"total":14,"covered":3,"skipped":0,"pct":21.42}}
,"/Users/agurodriguez/Code/keeper.sh/packages/calendar/src/providers/caldav/shared/digest-fetch.ts": {"lines":{"total":47,"covered":38,"skipped":0,"pct":80.85},"functions":{"total":7,"covered":6,"skipped":0,"pct":85.71},"statements":{"total":47,"covered":38,"skipped":0,"pct":80.85},"branches":{"total":20,"covered":12,"skipped":0,"pct":60}}
,"/Users/agurodriguez/Code/keeper.sh/packages/calendar/src/providers/caldav/shared/ics.ts": {"lines":{"total":37,"covered":34,"skipped":0,"pct":91.89},"functions":{"total":7,"covered":6,"skipped":0,"pct":85.71},"statements":{"total":37,"covered":34,"skipped":0,"pct":91.89},"branches":{"total":31,"covered":23,"skipped":0,"pct":74.19}}
,"/Users/agurodriguez/Code/keeper.sh/packages/calendar/src/providers/caldav/shared/sync-window.ts": {"lines":{"total":3,"covered":3,"skipped":0,"pct":100},"functions":{"total":1,"covered":1,"skipped":0,"pct":100},"statements":{"total":3,"covered":3,"skipped":0,"pct":100},"branches":{"total":0,"covered":0,"skipped":0,"pct":100}}
,"/Users/agurodriguez/Code/keeper.sh/packages/calendar/src/providers/caldav/source/auth-error-classification.ts": {"lines":{"total":58,"covered":45,"skipped":0,"pct":77.58},"functions":{"total":7,"covered":7,"skipped":0,"pct":100},"statements":{"total":59,"covered":46,"skipped":0,"pct":77.96},"branches":{"total":53,"covered":34,"skipped":0,"pct":64.15}}
,"/Users/agurodriguez/Code/keeper.sh/packages/calendar/src/providers/caldav/source/fetch-adapter.ts": {"lines":{"total":19,"covered":5,"skipped":0,"pct":26.31},"functions":{"total":2,"covered":1,"skipped":0,"pct":50},"statements":{"total":19,"covered":5,"skipped":0,"pct":26.31},"branches":{"total":8,"covered":0,"skipped":0,"pct":0}}
,"/Users/agurodriguez/Code/keeper.sh/packages/calendar/src/providers/caldav/source/provider.ts": {"lines":{"total":85,"covered":27,"skipped":0,"pct":31.76},"functions":{"total":17,"covered":4,"skipped":0,"pct":23.52},"statements":{"total":89,"covered":27,"skipped":0,"pct":30.33},"branches":{"total":27,"covered":2,"skipped":0,"pct":7.4}}
,"/Users/agurodriguez/Code/keeper.sh/packages/calendar/src/providers/caldav/source/sync.ts": {"lines":{"total":21,"covered":15,"skipped":0,"pct":71.42},"functions":{"total":10,"covered":5,"skipped":0,"pct":50},"statements":{"total":24,"covered":16,"skipped":0,"pct":66.66},"branches":{"total":2,"covered":1,"skipped":0,"pct":50}}
,"/Users/agurodriguez/Code/keeper.sh/packages/calendar/src/providers/fastmail/destination/provider.ts": {"lines":{"total":1,"covered":0,"skipped":0,"pct":0},"functions":{"total":0,"covered":0,"skipped":0,"pct":100},"statements":{"total":1,"covered":0,"skipped":0,"pct":0},"branches":{"total":0,"covered":0,"skipped":0,"pct":100}}
,"/Users/agurodriguez/Code/keeper.sh/packages/calendar/src/providers/fastmail/source/provider.ts": {"lines":{"total":3,"covered":0,"skipped":0,"pct":0},"functions":{"total":1,"covered":0,"skipped":0,"pct":0},"statements":{"total":3,"covered":0,"skipped":0,"pct":0},"branches":{"total":0,"covered":0,"skipped":0,"pct":100}}
,"/Users/agurodriguez/Code/keeper.sh/packages/calendar/src/providers/google/destination/provider.ts": {"lines":{"total":213,"covered":104,"skipped":0,"pct":48.82},"functions":{"total":23,"covered":11,"skipped":0,"pct":47.82},"statements":{"total":219,"covered":109,"skipped":0,"pct":49.77},"branches":{"total":105,"covered":33,"skipped":0,"pct":31.42}}
,"/Users/agurodriguez/Code/keeper.sh/packages/calendar/src/providers/google/destination/serialize-event.ts": {"lines":{"total":15,"covered":14,"skipped":0,"pct":93.33},"functions":{"total":4,"covered":3,"skipped":0,"pct":75},"statements":{"total":16,"covered":14,"skipped":0,"pct":87.5},"branches":{"total":14,"covered":10,"skipped":0,"pct":71.42}}
,"/Users/agurodriguez/Code/keeper.sh/packages/calendar/src/providers/google/destination/sync.ts": {"lines":{"total":7,"covered":0,"skipped":0,"pct":0},"functions":{"total":3,"covered":0,"skipped":0,"pct":0},"statements":{"total":7,"covered":0,"skipped":0,"pct":0},"branches":{"total":0,"covered":0,"skipped":0,"pct":100}}
,"/Users/agurodriguez/Code/keeper.sh/packages/calendar/src/providers/google/shared/api.ts": {"lines":{"total":7,"covered":7,"skipped":0,"pct":100},"functions":{"total":0,"covered":0,"skipped":0,"pct":100},"statements":{"total":7,"covered":7,"skipped":0,"pct":100},"branches":{"total":0,"covered":0,"skipped":0,"pct":100}}
,"/Users/agurodriguez/Code/keeper.sh/packages/calendar/src/providers/google/shared/backoff.ts": {"lines":{"total":36,"covered":35,"skipped":0,"pct":97.22},"functions":{"total":8,"covered":8,"skipped":0,"pct":100},"statements":{"total":38,"covered":37,"skipped":0,"pct":97.36},"branches":{"total":10,"covered":10,"skipped":0,"pct":100}}
,"/Users/agurodriguez/Code/keeper.sh/packages/calendar/src/providers/google/shared/batch.ts": {"lines":{"total":197,"covered":112,"skipped":0,"pct":56.85},"functions":{"total":20,"covered":9,"skipped":0,"pct":45},"statements":{"total":207,"covered":116,"skipped":0,"pct":56.03},"branches":{"total":86,"covered":41,"skipped":0,"pct":47.67}}
,"/Users/agurodriguez/Code/keeper.sh/packages/calendar/src/providers/google/shared/date-time.ts": {"lines":{"total":12,"covered":10,"skipped":0,"pct":83.33},"functions":{"total":2,"covered":2,"skipped":0,"pct":100},"statements":{"total":12,"covered":10,"skipped":0,"pct":83.33},"branches":{"total":8,"covered":6,"skipped":0,"pct":75}}
,"/Users/agurodriguez/Code/keeper.sh/packages/calendar/src/providers/google/shared/errors.ts": {"lines":{"total":53,"covered":43,"skipped":0,"pct":81.13},"functions":{"total":11,"covered":8,"skipped":0,"pct":72.72},"statements":{"total":56,"covered":45,"skipped":0,"pct":80.35},"branches":{"total":44,"covered":31,"skipped":0,"pct":70.45}}
,"/Users/agurodriguez/Code/keeper.sh/packages/calendar/src/providers/google/source/fetch-adapter.ts": {"lines":{"total":16,"covered":4,"skipped":0,"pct":25},"functions":{"total":2,"covered":1,"skipped":0,"pct":50},"statements":{"total":16,"covered":4,"skipped":0,"pct":25},"branches":{"total":4,"covered":0,"skipped":0,"pct":0}}
,"/Users/agurodriguez/Code/keeper.sh/packages/calendar/src/providers/google/source/provider.ts": {"lines":{"total":61,"covered":12,"skipped":0,"pct":19.67},"functions":{"total":12,"covered":3,"skipped":0,"pct":25},"statements":{"total":62,"covered":12,"skipped":0,"pct":19.35},"branches":{"total":26,"covered":1,"skipped":0,"pct":3.84}}
,"/Users/agurodriguez/Code/keeper.sh/packages/calendar/src/providers/google/source/utils/fetch-events.ts": {"lines":{"total":117,"covered":99,"skipped":0,"pct":84.61},"functions":{"total":14,"covered":12,"skipped":0,"pct":85.71},"statements":{"total":117,"covered":99,"skipped":0,"pct":84.61},"branches":{"total":81,"covered":52,"skipped":0,"pct":64.19}}
,"/Users/agurodriguez/Code/keeper.sh/packages/calendar/src/providers/google/source/utils/list-calendars.ts": {"lines":{"total":23,"covered":17,"skipped":0,"pct":73.91},"functions":{"total":3,"covered":2,"skipped":0,"pct":66.66},"statements":{"total":23,"covered":17,"skipped":0,"pct":73.91},"branches":{"total":5,"covered":3,"skipped":0,"pct":60}}
,"/Users/agurodriguez/Code/keeper.sh/packages/calendar/src/providers/icloud/destination/provider.ts": {"lines":{"total":1,"covered":0,"skipped":0,"pct":0},"functions":{"total":0,"covered":0,"skipped":0,"pct":100},"statements":{"total":1,"covered":0,"skipped":0,"pct":0},"branches":{"total":0,"covered":0,"skipped":0,"pct":100}}
,"/Users/agurodriguez/Code/keeper.sh/packages/calendar/src/providers/icloud/source/provider.ts": {"lines":{"total":3,"covered":3,"skipped":0,"pct":100},"functions":{"total":1,"covered":1,"skipped":0,"pct":100},"statements":{"total":3,"covered":3,"skipped":0,"pct":100},"branches":{"total":0,"covered":0,"skipped":0,"pct":100}}
,"/Users/agurodriguez/Code/keeper.sh/packages/calendar/src/providers/outlook/destination/provider.ts": {"lines":{"total":74,"covered":58,"skipped":0,"pct":78.37},"functions":{"total":7,"covered":7,"skipped":0,"pct":100},"statements":{"total":75,"covered":59,"skipped":0,"pct":78.66},"branches":{"total":32,"covered":18,"skipped":0,"pct":56.25}}
,"/Users/agurodriguez/Code/keeper.sh/packages/calendar/src/providers/outlook/destination/serialize-event.ts": {"lines":{"total":27,"covered":23,"skipped":0,"pct":85.18},"functions":{"total":5,"covered":5,"skipped":0,"pct":100},"statements":{"total":27,"covered":23,"skipped":0,"pct":85.18},"branches":{"total":18,"covered":12,"skipped":0,"pct":66.66}}
,"/Users/agurodriguez/Code/keeper.sh/packages/calendar/src/providers/outlook/destination/sync.ts": {"lines":{"total":7,"covered":5,"skipped":0,"pct":71.42},"functions":{"total":3,"covered":1,"skipped":0,"pct":33.33},"statements":{"total":7,"covered":5,"skipped":0,"pct":71.42},"branches":{"total":0,"covered":0,"skipped":0,"pct":100}}
,"/Users/agurodriguez/Code/keeper.sh/packages/calendar/src/providers/outlook/shared/api.ts": {"lines":{"total":3,"covered":3,"skipped":0,"pct":100},"functions":{"total":0,"covered":0,"skipped":0,"pct":100},"statements":{"total":3,"covered":3,"skipped":0,"pct":100},"branches":{"total":0,"covered":0,"skipped":0,"pct":100}}
,"/Users/agurodriguez/Code/keeper.sh/packages/calendar/src/providers/outlook/shared/date-time.ts": {"lines":{"total":10,"covered":9,"skipped":0,"pct":90},"functions":{"total":2,"covered":2,"skipped":0,"pct":100},"statements":{"total":10,"covered":9,"skipped":0,"pct":90},"branches":{"total":10,"covered":9,"skipped":0,"pct":90}}
,"/Users/agurodriguez/Code/keeper.sh/packages/calendar/src/providers/outlook/shared/errors.ts": {"lines":{"total":12,"covered":11,"skipped":0,"pct":91.66},"functions":{"total":3,"covered":3,"skipped":0,"pct":100},"statements":{"total":13,"covered":12,"skipped":0,"pct":92.3},"branches":{"total":12,"covered":11,"skipped":0,"pct":91.66}}
,"/Users/agurodriguez/Code/keeper.sh/packages/calendar/src/providers/outlook/source/fetch-adapter.ts": {"lines":{"total":17,"covered":5,"skipped":0,"pct":29.41},"functions":{"total":2,"covered":1,"skipped":0,"pct":50},"statements":{"total":17,"covered":5,"skipped":0,"pct":29.41},"branches":{"total":4,"covered":0,"skipped":0,"pct":0}}
,"/Users/agurodriguez/Code/keeper.sh/packages/calendar/src/providers/outlook/source/provider.ts": {"lines":{"total":68,"covered":31,"skipped":0,"pct":45.58},"functions":{"total":13,"covered":4,"skipped":0,"pct":30.76},"statements":{"total":69,"covered":31,"skipped":0,"pct":44.92},"branches":{"total":32,"covered":9,"skipped":0,"pct":28.12}}
,"/Users/agurodriguez/Code/keeper.sh/packages/calendar/src/providers/outlook/source/utils/fetch-events.ts": {"lines":{"total":118,"covered":92,"skipped":0,"pct":77.96},"functions":{"total":13,"covered":7,"skipped":0,"pct":53.84},"statements":{"total":118,"covered":92,"skipped":0,"pct":77.96},"branches":{"total":79,"covered":51,"skipped":0,"pct":64.55}}
,"/Users/agurodriguez/Code/keeper.sh/packages/calendar/src/providers/outlook/source/utils/list-calendars.ts": {"lines":{"total":69,"covered":46,"skipped":0,"pct":66.66},"functions":{"total":7,"covered":6,"skipped":0,"pct":85.71},"statements":{"total":69,"covered":46,"skipped":0,"pct":66.66},"branches":{"total":41,"covered":21,"skipped":0,"pct":51.21}}
,"/Users/agurodriguez/Code/keeper.sh/packages/calendar/src/providers/zoho/destination/provider.ts": {"lines":{"total":115,"covered":36,"skipped":0,"pct":31.3},"functions":{"total":11,"covered":4,"skipped":0,"pct":36.36},"statements":{"total":117,"covered":37,"skipped":0,"pct":31.62},"branches":{"total":47,"covered":10,"skipped":0,"pct":21.27}}
,"/Users/agurodriguez/Code/keeper.sh/packages/calendar/src/providers/zoho/destination/serialize-event.ts": {"lines":{"total":11,"covered":11,"skipped":0,"pct":100},"functions":{"total":2,"covered":2,"skipped":0,"pct":100},"statements":{"total":12,"covered":12,"skipped":0,"pct":100},"branches":{"total":8,"covered":8,"skipped":0,"pct":100}}
,"/Users/agurodriguez/Code/keeper.sh/packages/calendar/src/providers/zoho/destination/sync.ts": {"lines":{"total":7,"covered":7,"skipped":0,"pct":100},"functions":{"total":3,"covered":3,"skipped":0,"pct":100},"statements":{"total":7,"covered":7,"skipped":0,"pct":100},"branches":{"total":0,"covered":0,"skipped":0,"pct":100}}
,"/Users/agurodriguez/Code/keeper.sh/packages/calendar/src/providers/zoho/shared/api.ts": {"lines":{"total":2,"covered":2,"skipped":0,"pct":100},"functions":{"total":0,"covered":0,"skipped":0,"pct":100},"statements":{"total":2,"covered":2,"skipped":0,"pct":100},"branches":{"total":0,"covered":0,"skipped":0,"pct":100}}
,"/Users/agurodriguez/Code/keeper.sh/packages/calendar/src/providers/zoho/shared/date-time.ts": {"lines":{"total":58,"covered":55,"skipped":0,"pct":94.82},"functions":{"total":9,"covered":9,"skipped":0,"pct":100},"statements":{"total":59,"covered":56,"skipped":0,"pct":94.91},"branches":{"total":22,"covered":18,"skipped":0,"pct":81.81}}
,"/Users/agurodriguez/Code/keeper.sh/packages/calendar/src/providers/zoho/shared/errors.ts": {"lines":{"total":24,"covered":22,"skipped":0,"pct":91.66},"functions":{"total":4,"covered":4,"skipped":0,"pct":100},"statements":{"total":24,"covered":22,"skipped":0,"pct":91.66},"branches":{"total":20,"covered":17,"skipped":0,"pct":85}}
,"/Users/agurodriguez/Code/keeper.sh/packages/calendar/src/providers/zoho/source/fetch-adapter.ts": {"lines":{"total":12,"covered":12,"skipped":0,"pct":100},"functions":{"total":4,"covered":4,"skipped":0,"pct":100},"statements":{"total":13,"covered":13,"skipped":0,"pct":100},"branches":{"total":2,"covered":2,"skipped":0,"pct":100}}
,"/Users/agurodriguez/Code/keeper.sh/packages/calendar/src/providers/zoho/source/provider.ts": {"lines":{"total":62,"covered":36,"skipped":0,"pct":58.06},"functions":{"total":16,"covered":6,"skipped":0,"pct":37.5},"statements":{"total":62,"covered":36,"skipped":0,"pct":58.06},"branches":{"total":24,"covered":7,"skipped":0,"pct":29.16}}
,"/Users/agurodriguez/Code/keeper.sh/packages/calendar/src/providers/zoho/source/utils/fetch-events.ts": {"lines":{"total":76,"covered":52,"skipped":0,"pct":68.42},"functions":{"total":12,"covered":8,"skipped":0,"pct":66.66},"statements":{"total":77,"covered":53,"skipped":0,"pct":68.83},"branches":{"total":48,"covered":25,"skipped":0,"pct":52.08}}
,"/Users/agurodriguez/Code/keeper.sh/packages/calendar/src/providers/zoho/source/utils/list-calendars.ts": {"lines":{"total":20,"covered":19,"skipped":0,"pct":95},"functions":{"total":4,"covered":4,"skipped":0,"pct":100},"statements":{"total":21,"covered":20,"skipped":0,"pct":95.23},"branches":{"total":5,"covered":3,"skipped":0,"pct":60}}
,"/Users/agurodriguez/Code/keeper.sh/packages/calendar/src/utils/safe-fetch.ts": {"lines":{"total":102,"covered":93,"skipped":0,"pct":91.17},"functions":{"total":21,"covered":19,"skipped":0,"pct":90.47},"statements":{"total":108,"covered":97,"skipped":0,"pct":89.81},"branches":{"total":39,"covered":33,"skipped":0,"pct":84.61}}
,"/Users/agurodriguez/Code/keeper.sh/packages/calendar/src/utils/registry/registry.ts": {"lines":{"total":28,"covered":20,"skipped":0,"pct":71.42},"functions":{"total":14,"covered":5,"skipped":0,"pct":35.71},"statements":{"total":32,"covered":22,"skipped":0,"pct":68.75},"branches":{"total":2,"covered":0,"skipped":0,"pct":0}}
,"/Users/agurodriguez/Code/keeper.sh/packages/calendar/src/utils/registry/server.ts": {"lines":{"total":8,"covered":8,"skipped":0,"pct":100},"functions":{"total":1,"covered":1,"skipped":0,"pct":100},"statements":{"total":8,"covered":8,"skipped":0,"pct":100},"branches":{"total":4,"covered":4,"skipped":0,"pct":100}}
}
