{"total": {"lines":{"total":389,"covered":237,"skipped":0,"pct":60.92},"statements":{"total":401,"covered":244,"skipped":0,"pct":60.84},"functions":{"total":98,"covered":57,"skipped":0,"pct":58.16},"branches":{"total":115,"covered":52,"skipped":0,"pct":45.21},"branchesTrue":{"total":0,"covered":0,"skipped":0,"pct":100}}
,"/Users/agurodriguez/Code/keeper.sh/services/cron/src/context.ts": {"lines":{"total":16,"covered":0,"skipped":0,"pct":0},"functions":{"total":5,"covered":0,"skipped":0,"pct":0},"statements":{"total":17,"covered":0,"skipped":0,"pct":0},"branches":{"total":6,"covered":0,"skipped":0,"pct":0}}
,"/Users/agurodriguez/Code/keeper.sh/services/cron/src/env.ts": {"lines":{"total":1,"covered":0,"skipped":0,"pct":0},"functions":{"total":0,"covered":0,"skipped":0,"pct":100},"statements":{"total":1,"covered":0,"skipped":0,"pct":0},"branches":{"total":0,"covered":0,"skipped":0,"pct":100}}
,"/Users/agurodriguez/Code/keeper.sh/services/cron/src/index.ts": {"lines":{"total":11,"covered":0,"skipped":0,"pct":0},"functions":{"total":2,"covered":0,"skipped":0,"pct":0},"statements":{"total":11,"covered":0,"skipped":0,"pct":0},"branches":{"total":0,"covered":0,"skipped":0,"pct":100}}
,"/Users/agurodriguez/Code/keeper.sh/services/cron/src/migration-check.ts": {"lines":{"total":7,"covered":7,"skipped":0,"pct":100},"functions":{"total":1,"covered":1,"skipped":0,"pct":100},"statements":{"total":7,"covered":7,"skipped":0,"pct":100},"branches":{"total":4,"covered":4,"skipped":0,"pct":100}}
,"/Users/agurodriguez/Code/keeper.sh/services/cron/src/jobs/ingest-sources.ts": {"lines":{"total":205,"covered":138,"skipped":0,"pct":67.31},"functions":{"total":39,"covered":26,"skipped":0,"pct":66.66},"statements":{"total":205,"covered":138,"skipped":0,"pct":67.31},"branches":{"total":65,"covered":21,"skipped":0,"pct":32.3}}
,"/Users/agurodriguez/Code/keeper.sh/services/cron/src/jobs/push-destinations.ts": {"lines":{"total":19,"covered":18,"skipped":0,"pct":94.73},"functions":{"total":4,"covered":3,"skipped":0,"pct":75},"statements":{"total":19,"covered":18,"skipped":0,"pct":94.73},"branches":{"total":4,"covered":4,"skipped":0,"pct":100}}
,"/Users/agurodriguez/Code/keeper.sh/services/cron/src/jobs/reconcile-subscriptions.ts": {"lines":{"total":37,"covered":20,"skipped":0,"pct":54.05},"functions":{"total":13,"covered":7,"skipped":0,"pct":53.84},"statements":{"total":39,"covered":21,"skipped":0,"pct":53.84},"branches":{"total":10,"covered":4,"skipped":0,"pct":40}}
,"/Users/agurodriguez/Code/keeper.sh/services/cron/src/utils/baker.ts": {"lines":{"total":1,"covered":0,"skipped":0,"pct":0},"functions":{"total":0,"covered":0,"skipped":0,"pct":100},"statements":{"total":1,"covered":0,"skipped":0,"pct":0},"branches":{"total":0,"covered":0,"skipped":0,"pct":100}}
,"/Users/agurodriguez/Code/keeper.sh/services/cron/src/utils/get-jobs.ts": {"lines":{"total":35,"covered":32,"skipped":0,"pct":91.42},"functions":{"total":10,"covered":9,"skipped":0,"pct":90},"statements":{"total":36,"covered":33,"skipped":0,"pct":91.66},"branches":{"total":20,"covered":16,"skipped":0,"pct":80}}
,"/Users/agurodriguez/Code/keeper.sh/services/cron/src/utils/get-sources.ts": {"lines":{"total":13,"covered":0,"skipped":0,"pct":0},"functions":{"total":7,"covered":0,"skipped":0,"pct":0},"statements":{"total":15,"covered":0,"skipped":0,"pct":0},"branches":{"total":2,"covered":0,"skipped":0,"pct":0}}
,"/Users/agurodriguez/Code/keeper.sh/services/cron/src/utils/inject-jobs.ts": {"lines":{"total":1,"covered":0,"skipped":0,"pct":0},"functions":{"total":1,"covered":0,"skipped":0,"pct":0},"statements":{"total":2,"covered":0,"skipped":0,"pct":0},"branches":{"total":0,"covered":0,"skipped":0,"pct":100}}
,"/Users/agurodriguez/Code/keeper.sh/services/cron/src/utils/logging.ts": {"lines":{"total":2,"covered":2,"skipped":0,"pct":100},"functions":{"total":0,"covered":0,"skipped":0,"pct":100},"statements":{"total":2,"covered":2,"skipped":0,"pct":100},"branches":{"total":2,"covered":2,"skipped":0,"pct":100}}
,"/Users/agurodriguez/Code/keeper.sh/services/cron/src/utils/register-jobs.ts": {"lines":{"total":7,"covered":0,"skipped":0,"pct":0},"functions":{"total":1,"covered":0,"skipped":0,"pct":0},"statements":{"total":7,"covered":0,"skipped":0,"pct":0},"branches":{"total":0,"covered":0,"skipped":0,"pct":100}}
,"/Users/agurodriguez/Code/keeper.sh/services/cron/src/utils/safe-fetch-options.ts": {"lines":{"total":9,"covered":5,"skipped":0,"pct":55.55},"functions":{"total":3,"covered":1,"skipped":0,"pct":33.33},"statements":{"total":9,"covered":5,"skipped":0,"pct":55.55},"branches":{"total":2,"covered":1,"skipped":0,"pct":50}}
,"/Users/agurodriguez/Code/keeper.sh/services/cron/src/utils/source-plan-selection.ts": {"lines":{"total":14,"covered":14,"skipped":0,"pct":100},"functions":{"total":9,"covered":9,"skipped":0,"pct":100},"statements":{"total":18,"covered":18,"skipped":0,"pct":100},"branches":{"total":0,"covered":0,"skipped":0,"pct":100}}
,"/Users/agurodriguez/Code/keeper.sh/services/cron/src/utils/with-wide-event.ts": {"lines":{"total":11,"covered":1,"skipped":0,"pct":9.09},"functions":{"total":3,"covered":1,"skipped":0,"pct":33.33},"statements":{"total":12,"covered":2,"skipped":0,"pct":16.66},"branches":{"total":0,"covered":0,"skipped":0,"pct":100}}
}
