{"total": {"lines":{"total":130,"covered":107,"skipped":0,"pct":82.3},"statements":{"total":131,"covered":108,"skipped":0,"pct":82.44},"functions":{"total":22,"covered":18,"skipped":0,"pct":81.81},"branches":{"total":46,"covered":25,"skipped":0,"pct":54.34},"branchesTrue":{"total":0,"covered":0,"skipped":0,"pct":100}}
,"/Users/agurodriguez/Code/keeper.sh/services/worker/src/context.ts": {"lines":{"total":11,"covered":11,"skipped":0,"pct":100},"functions":{"total":4,"covered":4,"skipped":0,"pct":100},"statements":{"total":12,"covered":12,"skipped":0,"pct":100},"branches":{"total":0,"covered":0,"skipped":0,"pct":100}}
,"/Users/agurodriguez/Code/keeper.sh/services/worker/src/env.ts": {"lines":{"total":1,"covered":1,"skipped":0,"pct":100},"functions":{"total":0,"covered":0,"skipped":0,"pct":100},"statements":{"total":1,"covered":1,"skipped":0,"pct":100},"branches":{"total":0,"covered":0,"skipped":0,"pct":100}}
,"/Users/agurodriguez/Code/keeper.sh/services/worker/src/index.ts": {"lines":{"total":41,"covered":23,"skipped":0,"pct":56.09},"functions":{"total":7,"covered":3,"skipped":0,"pct":42.85},"statements":{"total":41,"covered":23,"skipped":0,"pct":56.09},"branches":{"total":18,"covered":4,"skipped":0,"pct":22.22}}
,"/Users/agurodriguez/Code/keeper.sh/services/worker/src/processor.ts": {"lines":{"total":75,"covered":70,"skipped":0,"pct":93.33},"functions":{"total":11,"covered":11,"skipped":0,"pct":100},"statements":{"total":75,"covered":70,"skipped":0,"pct":93.33},"branches":{"total":26,"covered":19,"skipped":0,"pct":73.07}}
,"/Users/agurodriguez/Code/keeper.sh/services/worker/src/utils/logging.ts": {"lines":{"total":2,"covered":2,"skipped":0,"pct":100},"functions":{"total":0,"covered":0,"skipped":0,"pct":100},"statements":{"total":2,"covered":2,"skipped":0,"pct":100},"branches":{"total":2,"covered":2,"skipped":0,"pct":100}}
}
