{"total": {"lines":{"total":2941,"covered":883,"skipped":0,"pct":30.02},"statements":{"total":3211,"covered":934,"skipped":0,"pct":29.08},"functions":{"total":974,"covered":271,"skipped":0,"pct":27.82},"branches":{"total":1539,"covered":356,"skipped":0,"pct":23.13},"branchesTrue":{"total":0,"covered":0,"skipped":0,"pct":100}}
,"/Users/agurodriguez/Code/keeper.sh/applications/web/src/main.tsx": {"lines":{"total":7,"covered":0,"skipped":0,"pct":0},"functions":{"total":0,"covered":0,"skipped":0,"pct":100},"statements":{"total":7,"covered":0,"skipped":0,"pct":0},"branches":{"total":6,"covered":0,"skipped":0,"pct":0}}
,"/Users/agurodriguez/Code/keeper.sh/applications/web/src/routeTree.gen.ts": {"lines":{"total":120,"covered":0,"skipped":0,"pct":0},"functions":{"total":48,"covered":0,"skipped":0,"pct":0},"statements":{"total":120,"covered":0,"skipped":0,"pct":0},"branches":{"total":0,"covered":0,"skipped":0,"pct":100}}
,"/Users/agurodriguez/Code/keeper.sh/applications/web/src/router.ts": {"lines":{"total":42,"covered":0,"skipped":0,"pct":0},"functions":{"total":13,"covered":0,"skipped":0,"pct":0},"statements":{"total":44,"covered":0,"skipped":0,"pct":0},"branches":{"total":34,"covered":0,"skipped":0,"pct":0}}
,"/Users/agurodriguez/Code/keeper.sh/applications/web/src/server.tsx": {"lines":{"total":4,"covered":0,"skipped":0,"pct":0},"functions":{"total":3,"covered":0,"skipped":0,"pct":0},"statements":{"total":4,"covered":0,"skipped":0,"pct":0},"branches":{"total":0,"covered":0,"skipped":0,"pct":100}}
,"/Users/agurodriguez/Code/keeper.sh/applications/web/src/components/analytics-scripts.tsx": {"lines":{"total":22,"covered":0,"skipped":0,"pct":0},"functions":{"total":8,"covered":0,"skipped":0,"pct":0},"statements":{"total":27,"covered":0,"skipped":0,"pct":0},"branches":{"total":12,"covered":0,"skipped":0,"pct":0}}
,"/Users/agurodriguez/Code/keeper.sh/applications/web/src/components/cookie-consent.tsx": {"lines":{"total":20,"covered":0,"skipped":0,"pct":0},"functions":{"total":9,"covered":0,"skipped":0,"pct":0},"statements":{"total":22,"covered":0,"skipped":0,"pct":0},"branches":{"total":4,"covered":0,"skipped":0,"pct":0}}
,"/Users/agurodriguez/Code/keeper.sh/applications/web/src/components/ui/composites/navigation-menu/navigation-menu-editable.tsx": {"lines":{"total":71,"covered":0,"skipped":0,"pct":0},"functions":{"total":24,"covered":0,"skipped":0,"pct":0},"statements":{"total":81,"covered":0,"skipped":0,"pct":0},"branches":{"total":58,"covered":0,"skipped":0,"pct":0}}
,"/Users/agurodriguez/Code/keeper.sh/applications/web/src/components/ui/composites/navigation-menu/navigation-menu-items.tsx": {"lines":{"total":39,"covered":31,"skipped":0,"pct":79.48},"functions":{"total":12,"covered":7,"skipped":0,"pct":58.33},"statements":{"total":39,"covered":31,"skipped":0,"pct":79.48},"branches":{"total":26,"covered":16,"skipped":0,"pct":61.53}}
,"/Users/agurodriguez/Code/keeper.sh/applications/web/src/components/ui/composites/navigation-menu/navigation-menu-popover.tsx": {"lines":{"total":46,"covered":22,"skipped":0,"pct":47.82},"functions":{"total":11,"covered":3,"skipped":0,"pct":27.27},"statements":{"total":49,"covered":25,"skipped":0,"pct":51.02},"branches":{"total":17,"covered":4,"skipped":0,"pct":23.52}}
,"/Users/agurodriguez/Code/keeper.sh/applications/web/src/components/ui/composites/navigation-menu/navigation-menu.contexts.ts": {"lines":{"total":9,"covered":5,"skipped":0,"pct":55.55},"functions":{"total":1,"covered":0,"skipped":0,"pct":0},"statements":{"total":9,"covered":5,"skipped":0,"pct":55.55},"branches":{"total":2,"covered":0,"skipped":0,"pct":0}}
,"/Users/agurodriguez/Code/keeper.sh/applications/web/src/components/ui/composites/navigation-menu/navigation-menu.styles.ts": {"lines":{"total":9,"covered":9,"skipped":0,"pct":100},"functions":{"total":0,"covered":0,"skipped":0,"pct":100},"statements":{"total":9,"covered":9,"skipped":0,"pct":100},"branches":{"total":0,"covered":0,"skipped":0,"pct":100}}
,"/Users/agurodriguez/Code/keeper.sh/applications/web/src/components/ui/primitives/animated-reveal.tsx": {"lines":{"total":4,"covered":4,"skipped":0,"pct":100},"functions":{"total":1,"covered":1,"skipped":0,"pct":100},"statements":{"total":4,"covered":4,"skipped":0,"pct":100},"branches":{"total":2,"covered":2,"skipped":0,"pct":100}}
,"/Users/agurodriguez/Code/keeper.sh/applications/web/src/components/ui/primitives/back-button.tsx": {"lines":{"total":7,"covered":6,"skipped":0,"pct":85.71},"functions":{"total":2,"covered":2,"skipped":0,"pct":100},"statements":{"total":8,"covered":7,"skipped":0,"pct":87.5},"branches":{"total":6,"covered":5,"skipped":0,"pct":83.33}}
,"/Users/agurodriguez/Code/keeper.sh/applications/web/src/components/ui/primitives/button.tsx": {"lines":{"total":6,"covered":6,"skipped":0,"pct":100},"functions":{"total":5,"covered":5,"skipped":0,"pct":100},"statements":{"total":6,"covered":6,"skipped":0,"pct":100},"branches":{"total":0,"covered":0,"skipped":0,"pct":100}}
,"/Users/agurodriguez/Code/keeper.sh/applications/web/src/components/ui/primitives/checkbox.tsx": {"lines":{"total":5,"covered":5,"skipped":0,"pct":100},"functions":{"total":3,"covered":3,"skipped":0,"pct":100},"statements":{"total":5,"covered":5,"skipped":0,"pct":100},"branches":{"total":4,"covered":3,"skipped":0,"pct":75}}
,"/Users/agurodriguez/Code/keeper.sh/applications/web/src/components/ui/primitives/collapsible.tsx": {"lines":{"total":5,"covered":5,"skipped":0,"pct":100},"functions":{"total":1,"covered":1,"skipped":0,"pct":100},"statements":{"total":5,"covered":5,"skipped":0,"pct":100},"branches":{"total":0,"covered":0,"skipped":0,"pct":100}}
,"/Users/agurodriguez/Code/keeper.sh/applications/web/src/components/ui/primitives/dashboard-heading.tsx": {"lines":{"total":8,"covered":6,"skipped":0,"pct":75},"functions":{"total":5,"covered":3,"skipped":0,"pct":60},"statements":{"total":8,"covered":6,"skipped":0,"pct":75},"branches":{"total":3,"covered":3,"skipped":0,"pct":100}}
,"/Users/agurodriguez/Code/keeper.sh/applications/web/src/components/ui/primitives/delete-confirmation.tsx": {"lines":{"total":4,"covered":3,"skipped":0,"pct":75},"functions":{"total":3,"covered":2,"skipped":0,"pct":66.66},"statements":{"total":5,"covered":3,"skipped":0,"pct":60},"branches":{"total":4,"covered":2,"skipped":0,"pct":50}}
,"/Users/agurodriguez/Code/keeper.sh/applications/web/src/components/ui/primitives/divider.tsx": {"lines":{"total":4,"covered":3,"skipped":0,"pct":75},"functions":{"total":1,"covered":1,"skipped":0,"pct":100},"statements":{"total":4,"covered":3,"skipped":0,"pct":75},"branches":{"total":2,"covered":1,"skipped":0,"pct":50}}
,"/Users/agurodriguez/Code/keeper.sh/applications/web/src/components/ui/primitives/error-state.tsx": {"lines":{"total":1,"covered":0,"skipped":0,"pct":0},"functions":{"total":1,"covered":0,"skipped":0,"pct":0},"statements":{"total":1,"covered":0,"skipped":0,"pct":0},"branches":{"total":3,"covered":0,"skipped":0,"pct":0}}
,"/Users/agurodriguez/Code/keeper.sh/applications/web/src/components/ui/primitives/fade-in.tsx": {"lines":{"total":4,"covered":4,"skipped":0,"pct":100},"functions":{"total":1,"covered":1,"skipped":0,"pct":100},"statements":{"total":4,"covered":4,"skipped":0,"pct":100},"branches":{"total":0,"covered":0,"skipped":0,"pct":100}}
,"/Users/agurodriguez/Code/keeper.sh/applications/web/src/components/ui/primitives/github-star-button.tsx": {"lines":{"total":32,"covered":0,"skipped":0,"pct":0},"functions":{"total":11,"covered":0,"skipped":0,"pct":0},"statements":{"total":35,"covered":0,"skipped":0,"pct":0},"branches":{"total":26,"covered":0,"skipped":0,"pct":0}}
,"/Users/agurodriguez/Code/keeper.sh/applications/web/src/components/ui/primitives/heading.tsx": {"lines":{"total":7,"covered":7,"skipped":0,"pct":100},"functions":{"total":4,"covered":4,"skipped":0,"pct":100},"statements":{"total":7,"covered":7,"skipped":0,"pct":100},"branches":{"total":2,"covered":2,"skipped":0,"pct":100}}
,"/Users/agurodriguez/Code/keeper.sh/applications/web/src/components/ui/primitives/input.tsx": {"lines":{"total":2,"covered":2,"skipped":0,"pct":100},"functions":{"total":1,"covered":1,"skipped":0,"pct":100},"statements":{"total":2,"covered":2,"skipped":0,"pct":100},"branches":{"total":0,"covered":0,"skipped":0,"pct":100}}
,"/Users/agurodriguez/Code/keeper.sh/applications/web/src/components/ui/primitives/list.tsx": {"lines":{"total":3,"covered":2,"skipped":0,"pct":66.66},"functions":{"total":3,"covered":2,"skipped":0,"pct":66.66},"statements":{"total":3,"covered":2,"skipped":0,"pct":66.66},"branches":{"total":0,"covered":0,"skipped":0,"pct":100}}
,"/Users/agurodriguez/Code/keeper.sh/applications/web/src/components/ui/primitives/markdown-component-map.ts": {"lines":{"total":1,"covered":0,"skipped":0,"pct":0},"functions":{"total":0,"covered":0,"skipped":0,"pct":100},"statements":{"total":1,"covered":0,"skipped":0,"pct":0},"branches":{"total":0,"covered":0,"skipped":0,"pct":100}}
,"/Users/agurodriguez/Code/keeper.sh/applications/web/src/components/ui/primitives/markdown-components.tsx": {"lines":{"total":18,"covered":0,"skipped":0,"pct":0},"functions":{"total":16,"covered":0,"skipped":0,"pct":0},"statements":{"total":18,"covered":0,"skipped":0,"pct":0},"branches":{"total":10,"covered":0,"skipped":0,"pct":0}}
,"/Users/agurodriguez/Code/keeper.sh/applications/web/src/components/ui/primitives/modal.tsx": {"lines":{"total":30,"covered":22,"skipped":0,"pct":73.33},"functions":{"total":11,"covered":6,"skipped":0,"pct":54.54},"statements":{"total":36,"covered":24,"skipped":0,"pct":66.66},"branches":{"total":18,"covered":6,"skipped":0,"pct":33.33}}
,"/Users/agurodriguez/Code/keeper.sh/applications/web/src/components/ui/primitives/pagination.tsx": {"lines":{"total":7,"covered":3,"skipped":0,"pct":42.85},"functions":{"total":3,"covered":2,"skipped":0,"pct":66.66},"statements":{"total":7,"covered":3,"skipped":0,"pct":42.85},"branches":{"total":4,"covered":1,"skipped":0,"pct":25}}
,"/Users/agurodriguez/Code/keeper.sh/applications/web/src/components/ui/primitives/provider-icon-stack.tsx": {"lines":{"total":10,"covered":8,"skipped":0,"pct":80},"functions":{"total":4,"covered":2,"skipped":0,"pct":50},"statements":{"total":11,"covered":8,"skipped":0,"pct":72.72},"branches":{"total":6,"covered":4,"skipped":0,"pct":66.66}}
,"/Users/agurodriguez/Code/keeper.sh/applications/web/src/components/ui/primitives/provider-icon.tsx": {"lines":{"total":8,"covered":5,"skipped":0,"pct":62.5},"functions":{"total":2,"covered":2,"skipped":0,"pct":100},"statements":{"total":9,"covered":6,"skipped":0,"pct":66.66},"branches":{"total":9,"covered":6,"skipped":0,"pct":66.66}}
,"/Users/agurodriguez/Code/keeper.sh/applications/web/src/components/ui/primitives/shimmer-text.tsx": {"lines":{"total":1,"covered":1,"skipped":0,"pct":100},"functions":{"total":1,"covered":1,"skipped":0,"pct":100},"statements":{"total":1,"covered":1,"skipped":0,"pct":100},"branches":{"total":0,"covered":0,"skipped":0,"pct":100}}
,"/Users/agurodriguez/Code/keeper.sh/applications/web/src/components/ui/primitives/staggered-backdrop-blur.tsx": {"lines":{"total":3,"covered":0,"skipped":0,"pct":0},"functions":{"total":2,"covered":0,"skipped":0,"pct":0},"statements":{"total":3,"covered":0,"skipped":0,"pct":0},"branches":{"total":0,"covered":0,"skipped":0,"pct":100}}
,"/Users/agurodriguez/Code/keeper.sh/applications/web/src/components/ui/primitives/template-text.tsx": {"lines":{"total":7,"covered":0,"skipped":0,"pct":0},"functions":{"total":2,"covered":0,"skipped":0,"pct":0},"statements":{"total":7,"covered":0,"skipped":0,"pct":0},"branches":{"total":6,"covered":0,"skipped":0,"pct":0}}
,"/Users/agurodriguez/Code/keeper.sh/applications/web/src/components/ui/primitives/text-link.tsx": {"lines":{"total":3,"covered":3,"skipped":0,"pct":100},"functions":{"total":2,"covered":2,"skipped":0,"pct":100},"statements":{"total":3,"covered":3,"skipped":0,"pct":100},"branches":{"total":0,"covered":0,"skipped":0,"pct":100}}
,"/Users/agurodriguez/Code/keeper.sh/applications/web/src/components/ui/primitives/text.tsx": {"lines":{"total":3,"covered":3,"skipped":0,"pct":100},"functions":{"total":1,"covered":1,"skipped":0,"pct":100},"statements":{"total":3,"covered":3,"skipped":0,"pct":100},"branches":{"total":1,"covered":1,"skipped":0,"pct":100}}
,"/Users/agurodriguez/Code/keeper.sh/applications/web/src/components/ui/primitives/tooltip.tsx": {"lines":{"total":14,"covered":14,"skipped":0,"pct":100},"functions":{"total":3,"covered":2,"skipped":0,"pct":66.66},"statements":{"total":16,"covered":14,"skipped":0,"pct":87.5},"branches":{"total":8,"covered":5,"skipped":0,"pct":62.5}}
,"/Users/agurodriguez/Code/keeper.sh/applications/web/src/components/ui/primitives/upgrade-hint.tsx": {"lines":{"total":4,"covered":2,"skipped":0,"pct":50},"functions":{"total":2,"covered":1,"skipped":0,"pct":50},"statements":{"total":6,"covered":3,"skipped":0,"pct":50},"branches":{"total":6,"covered":4,"skipped":0,"pct":66.66}}
,"/Users/agurodriguez/Code/keeper.sh/applications/web/src/components/ui/shells/layout.tsx": {"lines":{"total":4,"covered":0,"skipped":0,"pct":0},"functions":{"total":3,"covered":0,"skipped":0,"pct":0},"statements":{"total":4,"covered":0,"skipped":0,"pct":0},"branches":{"total":0,"covered":0,"skipped":0,"pct":100}}
,"/Users/agurodriguez/Code/keeper.sh/applications/web/src/components/ui/shells/route-shell.tsx": {"lines":{"total":5,"covered":0,"skipped":0,"pct":0},"functions":{"total":1,"covered":0,"skipped":0,"pct":0},"statements":{"total":5,"covered":0,"skipped":0,"pct":0},"branches":{"total":4,"covered":0,"skipped":0,"pct":0}}
,"/Users/agurodriguez/Code/keeper.sh/applications/web/src/components/ui/shells/session-slot.tsx": {"lines":{"total":6,"covered":0,"skipped":0,"pct":0},"functions":{"total":4,"covered":0,"skipped":0,"pct":0},"statements":{"total":8,"covered":0,"skipped":0,"pct":0},"branches":{"total":4,"covered":0,"skipped":0,"pct":0}}
,"/Users/agurodriguez/Code/keeper.sh/applications/web/src/config/commercial.ts": {"lines":{"total":1,"covered":1,"skipped":0,"pct":100},"functions":{"total":1,"covered":1,"skipped":0,"pct":100},"statements":{"total":2,"covered":2,"skipped":0,"pct":100},"branches":{"total":0,"covered":0,"skipped":0,"pct":100}}
,"/Users/agurodriguez/Code/keeper.sh/applications/web/src/config/gdpr.ts": {"lines":{"total":1,"covered":1,"skipped":0,"pct":100},"functions":{"total":0,"covered":0,"skipped":0,"pct":100},"statements":{"total":1,"covered":1,"skipped":0,"pct":100},"branches":{"total":0,"covered":0,"skipped":0,"pct":100}}
,"/Users/agurodriguez/Code/keeper.sh/applications/web/src/config/plans.ts": {"lines":{"total":6,"covered":0,"skipped":0,"pct":0},"functions":{"total":2,"covered":0,"skipped":0,"pct":0},"statements":{"total":6,"covered":0,"skipped":0,"pct":0},"branches":{"total":2,"covered":0,"skipped":0,"pct":0}}
,"/Users/agurodriguez/Code/keeper.sh/applications/web/src/features/auth/components/auth-form.tsx": {"lines":{"total":128,"covered":79,"skipped":0,"pct":61.71},"functions":{"total":34,"covered":25,"skipped":0,"pct":73.52},"statements":{"total":142,"covered":82,"skipped":0,"pct":57.74},"branches":{"total":77,"covered":36,"skipped":0,"pct":46.75}}
,"/Users/agurodriguez/Code/keeper.sh/applications/web/src/features/auth/components/auth-switch-prompt.tsx": {"lines":{"total":1,"covered":1,"skipped":0,"pct":100},"functions":{"total":1,"covered":1,"skipped":0,"pct":100},"statements":{"total":1,"covered":1,"skipped":0,"pct":100},"branches":{"total":0,"covered":0,"skipped":0,"pct":100}}
,"/Users/agurodriguez/Code/keeper.sh/applications/web/src/features/auth/components/caldav-connect-form.tsx": {"lines":{"total":61,"covered":0,"skipped":0,"pct":0},"functions":{"total":10,"covered":0,"skipped":0,"pct":0},"statements":{"total":70,"covered":0,"skipped":0,"pct":0},"branches":{"total":43,"covered":0,"skipped":0,"pct":0}}
,"/Users/agurodriguez/Code/keeper.sh/applications/web/src/features/auth/components/caldav-connect-page.tsx": {"lines":{"total":2,"covered":0,"skipped":0,"pct":0},"functions":{"total":2,"covered":0,"skipped":0,"pct":0},"statements":{"total":2,"covered":0,"skipped":0,"pct":0},"branches":{"total":0,"covered":0,"skipped":0,"pct":100}}
,"/Users/agurodriguez/Code/keeper.sh/applications/web/src/features/auth/components/ics-connect-form.tsx": {"lines":{"total":39,"covered":0,"skipped":0,"pct":0},"functions":{"total":4,"covered":0,"skipped":0,"pct":0},"statements":{"total":41,"covered":0,"skipped":0,"pct":0},"branches":{"total":20,"covered":0,"skipped":0,"pct":0}}
,"/Users/agurodriguez/Code/keeper.sh/applications/web/src/features/auth/components/oauth-preamble.tsx": {"lines":{"total":28,"covered":0,"skipped":0,"pct":0},"functions":{"total":11,"covered":0,"skipped":0,"pct":0},"statements":{"total":29,"covered":0,"skipped":0,"pct":0},"branches":{"total":6,"covered":0,"skipped":0,"pct":0}}
,"/Users/agurodriguez/Code/keeper.sh/applications/web/src/features/blog/components/blog-post-cta.tsx": {"lines":{"total":1,"covered":0,"skipped":0,"pct":0},"functions":{"total":1,"covered":0,"skipped":0,"pct":0},"statements":{"total":1,"covered":0,"skipped":0,"pct":0},"branches":{"total":0,"covered":0,"skipped":0,"pct":100}}
,"/Users/agurodriguez/Code/keeper.sh/applications/web/src/features/dashboard/components/event-graph.tsx": {"lines":{"total":102,"covered":0,"skipped":0,"pct":0},"functions":{"total":33,"covered":0,"skipped":0,"pct":0},"statements":{"total":118,"covered":0,"skipped":0,"pct":0},"branches":{"total":32,"covered":0,"skipped":0,"pct":0}}
,"/Users/agurodriguez/Code/keeper.sh/applications/web/src/features/dashboard/components/metadata-row.tsx": {"lines":{"total":3,"covered":3,"skipped":0,"pct":100},"functions":{"total":1,"covered":1,"skipped":0,"pct":100},"statements":{"total":4,"covered":3,"skipped":0,"pct":75},"branches":{"total":11,"covered":7,"skipped":0,"pct":63.63}}
,"/Users/agurodriguez/Code/keeper.sh/applications/web/src/features/dashboard/components/sync-status-helpers.ts": {"lines":{"total":14,"covered":12,"skipped":0,"pct":85.71},"functions":{"total":2,"covered":2,"skipped":0,"pct":100},"statements":{"total":14,"covered":12,"skipped":0,"pct":85.71},"branches":{"total":12,"covered":10,"skipped":0,"pct":83.33}}
,"/Users/agurodriguez/Code/keeper.sh/applications/web/src/features/dashboard/components/sync-status.tsx": {"lines":{"total":23,"covered":0,"skipped":0,"pct":0},"functions":{"total":5,"covered":0,"skipped":0,"pct":0},"statements":{"total":25,"covered":0,"skipped":0,"pct":0},"branches":{"total":10,"covered":0,"skipped":0,"pct":0}}
,"/Users/agurodriguez/Code/keeper.sh/applications/web/src/features/dashboard/components/upgrade-card.tsx": {"lines":{"total":15,"covered":0,"skipped":0,"pct":0},"functions":{"total":7,"covered":0,"skipped":0,"pct":0},"statements":{"total":15,"covered":0,"skipped":0,"pct":0},"branches":{"total":0,"covered":0,"skipped":0,"pct":100}}
,"/Users/agurodriguez/Code/keeper.sh/applications/web/src/features/marketing/contributors.json": {"lines":{"total":1,"covered":0,"skipped":0,"pct":0},"functions":{"total":0,"covered":0,"skipped":0,"pct":100},"statements":{"total":1,"covered":0,"skipped":0,"pct":0},"branches":{"total":0,"covered":0,"skipped":0,"pct":100}}
,"/Users/agurodriguez/Code/keeper.sh/applications/web/src/features/marketing/components/marketing-cta.tsx": {"lines":{"total":2,"covered":2,"skipped":0,"pct":100},"functions":{"total":2,"covered":2,"skipped":0,"pct":100},"statements":{"total":2,"covered":2,"skipped":0,"pct":100},"branches":{"total":0,"covered":0,"skipped":0,"pct":100}}
,"/Users/agurodriguez/Code/keeper.sh/applications/web/src/features/marketing/components/marketing-faq.tsx": {"lines":{"total":4,"covered":4,"skipped":0,"pct":100},"functions":{"total":4,"covered":4,"skipped":0,"pct":100},"statements":{"total":4,"covered":4,"skipped":0,"pct":100},"branches":{"total":0,"covered":0,"skipped":0,"pct":100}}
,"/Users/agurodriguez/Code/keeper.sh/applications/web/src/features/marketing/components/marketing-feature-bento.tsx": {"lines":{"total":6,"covered":6,"skipped":0,"pct":100},"functions":{"total":5,"covered":5,"skipped":0,"pct":100},"statements":{"total":6,"covered":6,"skipped":0,"pct":100},"branches":{"total":2,"covered":1,"skipped":0,"pct":50}}
,"/Users/agurodriguez/Code/keeper.sh/applications/web/src/features/marketing/components/marketing-footer.tsx": {"lines":{"total":11,"covered":0,"skipped":0,"pct":0},"functions":{"total":6,"covered":0,"skipped":0,"pct":0},"statements":{"total":11,"covered":0,"skipped":0,"pct":0},"branches":{"total":4,"covered":0,"skipped":0,"pct":0}}
,"/Users/agurodriguez/Code/keeper.sh/applications/web/src/features/marketing/components/marketing-header.tsx": {"lines":{"total":3,"covered":0,"skipped":0,"pct":0},"functions":{"total":3,"covered":0,"skipped":0,"pct":0},"statements":{"total":3,"covered":0,"skipped":0,"pct":0},"branches":{"total":0,"covered":0,"skipped":0,"pct":100}}
,"/Users/agurodriguez/Code/keeper.sh/applications/web/src/features/marketing/components/marketing-how-it-works.tsx": {"lines":{"total":6,"covered":6,"skipped":0,"pct":100},"functions":{"total":5,"covered":5,"skipped":0,"pct":100},"statements":{"total":6,"covered":6,"skipped":0,"pct":100},"branches":{"total":16,"covered":15,"skipped":0,"pct":93.75}}
,"/Users/agurodriguez/Code/keeper.sh/applications/web/src/features/marketing/components/marketing-illustration-calendar.tsx": {"lines":{"total":21,"covered":21,"skipped":0,"pct":100},"functions":{"total":9,"covered":9,"skipped":0,"pct":100},"statements":{"total":23,"covered":22,"skipped":0,"pct":95.65},"branches":{"total":8,"covered":4,"skipped":0,"pct":50}}
,"/Users/agurodriguez/Code/keeper.sh/applications/web/src/features/marketing/components/marketing-pricing-section.tsx": {"lines":{"total":28,"covered":28,"skipped":0,"pct":100},"functions":{"total":15,"covered":15,"skipped":0,"pct":100},"statements":{"total":29,"covered":29,"skipped":0,"pct":100},"branches":{"total":10,"covered":9,"skipped":0,"pct":90}}
,"/Users/agurodriguez/Code/keeper.sh/applications/web/src/hooks/use-animated-swr.ts": {"lines":{"total":3,"covered":3,"skipped":0,"pct":100},"functions":{"total":1,"covered":1,"skipped":0,"pct":100},"statements":{"total":3,"covered":3,"skipped":0,"pct":100},"branches":{"total":0,"covered":0,"skipped":0,"pct":100}}
,"/Users/agurodriguez/Code/keeper.sh/applications/web/src/hooks/use-api-tokens.ts": {"lines":{"total":7,"covered":6,"skipped":0,"pct":85.71},"functions":{"total":3,"covered":2,"skipped":0,"pct":66.66},"statements":{"total":7,"covered":6,"skipped":0,"pct":85.71},"branches":{"total":0,"covered":0,"skipped":0,"pct":100}}
,"/Users/agurodriguez/Code/keeper.sh/applications/web/src/hooks/use-entitlements.ts": {"lines":{"total":22,"covered":4,"skipped":0,"pct":18.18},"functions":{"total":7,"covered":1,"skipped":0,"pct":14.28},"statements":{"total":25,"covered":6,"skipped":0,"pct":24},"branches":{"total":10,"covered":4,"skipped":0,"pct":40}}
,"/Users/agurodriguez/Code/keeper.sh/applications/web/src/hooks/use-events.ts": {"lines":{"total":27,"covered":7,"skipped":0,"pct":25.92},"functions":{"total":10,"covered":3,"skipped":0,"pct":30},"statements":{"total":31,"covered":9,"skipped":0,"pct":29.03},"branches":{"total":6,"covered":2,"skipped":0,"pct":33.33}}
,"/Users/agurodriguez/Code/keeper.sh/applications/web/src/hooks/use-has-password.ts": {"lines":{"total":4,"covered":0,"skipped":0,"pct":0},"functions":{"total":3,"covered":0,"skipped":0,"pct":0},"statements":{"total":6,"covered":0,"skipped":0,"pct":0},"branches":{"total":2,"covered":0,"skipped":0,"pct":0}}
,"/Users/agurodriguez/Code/keeper.sh/applications/web/src/hooks/use-passkeys.ts": {"lines":{"total":9,"covered":0,"skipped":0,"pct":0},"functions":{"total":4,"covered":0,"skipped":0,"pct":0},"statements":{"total":9,"covered":0,"skipped":0,"pct":0},"branches":{"total":5,"covered":0,"skipped":0,"pct":0}}
,"/Users/agurodriguez/Code/keeper.sh/applications/web/src/hooks/use-session.ts": {"lines":{"total":8,"covered":8,"skipped":0,"pct":100},"functions":{"total":2,"covered":2,"skipped":0,"pct":100},"statements":{"total":9,"covered":9,"skipped":0,"pct":100},"branches":{"total":8,"covered":6,"skipped":0,"pct":75}}
,"/Users/agurodriguez/Code/keeper.sh/applications/web/src/hooks/use-start-of-today.ts": {"lines":{"total":14,"covered":13,"skipped":0,"pct":92.85},"functions":{"total":6,"covered":5,"skipped":0,"pct":83.33},"statements":{"total":14,"covered":13,"skipped":0,"pct":92.85},"branches":{"total":0,"covered":0,"skipped":0,"pct":100}}
,"/Users/agurodriguez/Code/keeper.sh/applications/web/src/hooks/use-subscription.ts": {"lines":{"total":19,"covered":8,"skipped":0,"pct":42.1},"functions":{"total":5,"covered":1,"skipped":0,"pct":20},"statements":{"total":19,"covered":8,"skipped":0,"pct":42.1},"branches":{"total":10,"covered":6,"skipped":0,"pct":60}}
,"/Users/agurodriguez/Code/keeper.sh/applications/web/src/illustrations/how-it-works-configure.tsx": {"lines":{"total":5,"covered":5,"skipped":0,"pct":100},"functions":{"total":4,"covered":4,"skipped":0,"pct":100},"statements":{"total":5,"covered":5,"skipped":0,"pct":100},"branches":{"total":4,"covered":4,"skipped":0,"pct":100}}
,"/Users/agurodriguez/Code/keeper.sh/applications/web/src/illustrations/how-it-works-connect.tsx": {"lines":{"total":4,"covered":4,"skipped":0,"pct":100},"functions":{"total":3,"covered":3,"skipped":0,"pct":100},"statements":{"total":4,"covered":4,"skipped":0,"pct":100},"branches":{"total":0,"covered":0,"skipped":0,"pct":100}}
,"/Users/agurodriguez/Code/keeper.sh/applications/web/src/illustrations/how-it-works-sync.tsx": {"lines":{"total":27,"covered":24,"skipped":0,"pct":88.88},"functions":{"total":9,"covered":8,"skipped":0,"pct":88.88},"statements":{"total":33,"covered":29,"skipped":0,"pct":87.87},"branches":{"total":10,"covered":6,"skipped":0,"pct":60}}
,"/Users/agurodriguez/Code/keeper.sh/applications/web/src/illustrations/marketing-illustration-contributors.tsx": {"lines":{"total":22,"covered":21,"skipped":0,"pct":95.45},"functions":{"total":9,"covered":7,"skipped":0,"pct":77.77},"statements":{"total":24,"covered":22,"skipped":0,"pct":91.66},"branches":{"total":2,"covered":1,"skipped":0,"pct":50}}
,"/Users/agurodriguez/Code/keeper.sh/applications/web/src/illustrations/marketing-illustration-providers.tsx": {"lines":{"total":10,"covered":10,"skipped":0,"pct":100},"functions":{"total":2,"covered":2,"skipped":0,"pct":100},"statements":{"total":10,"covered":10,"skipped":0,"pct":100},"branches":{"total":0,"covered":0,"skipped":0,"pct":100}}
,"/Users/agurodriguez/Code/keeper.sh/applications/web/src/illustrations/marketing-illustration-setup.tsx": {"lines":{"total":27,"covered":19,"skipped":0,"pct":70.37},"functions":{"total":10,"covered":4,"skipped":0,"pct":40},"statements":{"total":30,"covered":20,"skipped":0,"pct":66.66},"branches":{"total":17,"covered":10,"skipped":0,"pct":58.82}}
,"/Users/agurodriguez/Code/keeper.sh/applications/web/src/illustrations/marketing-illustration-sync.tsx": {"lines":{"total":7,"covered":7,"skipped":0,"pct":100},"functions":{"total":2,"covered":2,"skipped":0,"pct":100},"statements":{"total":7,"covered":7,"skipped":0,"pct":100},"branches":{"total":0,"covered":0,"skipped":0,"pct":100}}
,"/Users/agurodriguez/Code/keeper.sh/applications/web/src/lib/analytics.ts": {"lines":{"total":41,"covered":29,"skipped":0,"pct":70.73},"functions":{"total":13,"covered":9,"skipped":0,"pct":69.23},"statements":{"total":49,"covered":30,"skipped":0,"pct":61.22},"branches":{"total":22,"covered":4,"skipped":0,"pct":18.18}}
,"/Users/agurodriguez/Code/keeper.sh/applications/web/src/lib/auth-capabilities.ts": {"lines":{"total":19,"covered":16,"skipped":0,"pct":84.21},"functions":{"total":5,"covered":4,"skipped":0,"pct":80},"statements":{"total":22,"covered":19,"skipped":0,"pct":86.36},"branches":{"total":10,"covered":9,"skipped":0,"pct":90}}
,"/Users/agurodriguez/Code/keeper.sh/applications/web/src/lib/auth-client.ts": {"lines":{"total":1,"covered":1,"skipped":0,"pct":100},"functions":{"total":0,"covered":0,"skipped":0,"pct":100},"statements":{"total":1,"covered":1,"skipped":0,"pct":100},"branches":{"total":0,"covered":0,"skipped":0,"pct":100}}
,"/Users/agurodriguez/Code/keeper.sh/applications/web/src/lib/auth.ts": {"lines":{"total":35,"covered":17,"skipped":0,"pct":48.57},"functions":{"total":11,"covered":3,"skipped":0,"pct":27.27},"statements":{"total":42,"covered":17,"skipped":0,"pct":40.47},"branches":{"total":46,"covered":6,"skipped":0,"pct":13.04}}
,"/Users/agurodriguez/Code/keeper.sh/applications/web/src/lib/fetcher.ts": {"lines":{"total":10,"covered":10,"skipped":0,"pct":100},"functions":{"total":3,"covered":3,"skipped":0,"pct":100},"statements":{"total":12,"covered":11,"skipped":0,"pct":91.66},"branches":{"total":4,"covered":3,"skipped":0,"pct":75}}
,"/Users/agurodriguez/Code/keeper.sh/applications/web/src/lib/mcp-auth-flow.ts": {"lines":{"total":36,"covered":28,"skipped":0,"pct":77.77},"functions":{"total":7,"covered":6,"skipped":0,"pct":85.71},"statements":{"total":36,"covered":28,"skipped":0,"pct":77.77},"branches":{"total":18,"covered":10,"skipped":0,"pct":55.55}}
,"/Users/agurodriguez/Code/keeper.sh/applications/web/src/lib/motion-features.ts": {"lines":{"total":2,"covered":2,"skipped":0,"pct":100},"functions":{"total":2,"covered":2,"skipped":0,"pct":100},"statements":{"total":3,"covered":3,"skipped":0,"pct":100},"branches":{"total":0,"covered":0,"skipped":0,"pct":100}}
,"/Users/agurodriguez/Code/keeper.sh/applications/web/src/lib/page-metadata.ts": {"lines":{"total":4,"covered":4,"skipped":0,"pct":100},"functions":{"total":1,"covered":1,"skipped":0,"pct":100},"statements":{"total":4,"covered":4,"skipped":0,"pct":100},"branches":{"total":0,"covered":0,"skipped":0,"pct":100}}
,"/Users/agurodriguez/Code/keeper.sh/applications/web/src/lib/pluralize.ts": {"lines":{"total":2,"covered":2,"skipped":0,"pct":100},"functions":{"total":1,"covered":1,"skipped":0,"pct":100},"statements":{"total":3,"covered":3,"skipped":0,"pct":100},"branches":{"total":3,"covered":3,"skipped":0,"pct":100}}
,"/Users/agurodriguez/Code/keeper.sh/applications/web/src/lib/providers.ts": {"lines":{"total":1,"covered":1,"skipped":0,"pct":100},"functions":{"total":0,"covered":0,"skipped":0,"pct":100},"statements":{"total":1,"covered":1,"skipped":0,"pct":100},"branches":{"total":0,"covered":0,"skipped":0,"pct":100}}
,"/Users/agurodriguez/Code/keeper.sh/applications/web/src/lib/route-access-guards.ts": {"lines":{"total":14,"covered":14,"skipped":0,"pct":100},"functions":{"total":3,"covered":3,"skipped":0,"pct":100},"statements":{"total":14,"covered":14,"skipped":0,"pct":100},"branches":{"total":8,"covered":8,"skipped":0,"pct":100}}
,"/Users/agurodriguez/Code/keeper.sh/applications/web/src/lib/runtime-config.ts": {"lines":{"total":15,"covered":12,"skipped":0,"pct":80},"functions":{"total":6,"covered":5,"skipped":0,"pct":83.33},"statements":{"total":17,"covered":14,"skipped":0,"pct":82.35},"branches":{"total":11,"covered":6,"skipped":0,"pct":54.54}}
,"/Users/agurodriguez/Code/keeper.sh/applications/web/src/lib/seo.ts": {"lines":{"total":16,"covered":7,"skipped":0,"pct":43.75},"functions":{"total":10,"covered":2,"skipped":0,"pct":20},"statements":{"total":16,"covered":7,"skipped":0,"pct":43.75},"branches":{"total":4,"covered":3,"skipped":0,"pct":75}}
,"/Users/agurodriguez/Code/keeper.sh/applications/web/src/lib/serialized-mutate.ts": {"lines":{"total":41,"covered":41,"skipped":0,"pct":100},"functions":{"total":10,"covered":9,"skipped":0,"pct":90},"statements":{"total":43,"covered":43,"skipped":0,"pct":100},"branches":{"total":14,"covered":14,"skipped":0,"pct":100}}
,"/Users/agurodriguez/Code/keeper.sh/applications/web/src/lib/session-cookie.ts": {"lines":{"total":5,"covered":5,"skipped":0,"pct":100},"functions":{"total":3,"covered":3,"skipped":0,"pct":100},"statements":{"total":5,"covered":5,"skipped":0,"pct":100},"branches":{"total":4,"covered":1,"skipped":0,"pct":25}}
,"/Users/agurodriguez/Code/keeper.sh/applications/web/src/lib/swr.ts": {"lines":{"total":2,"covered":0,"skipped":0,"pct":0},"functions":{"total":2,"covered":0,"skipped":0,"pct":0},"statements":{"total":2,"covered":0,"skipped":0,"pct":0},"branches":{"total":0,"covered":0,"skipped":0,"pct":100}}
,"/Users/agurodriguez/Code/keeper.sh/applications/web/src/lib/time.ts": {"lines":{"total":43,"covered":29,"skipped":0,"pct":67.44},"functions":{"total":8,"covered":6,"skipped":0,"pct":75},"statements":{"total":52,"covered":33,"skipped":0,"pct":63.46},"branches":{"total":20,"covered":8,"skipped":0,"pct":40}}
,"/Users/agurodriguez/Code/keeper.sh/applications/web/src/providers/sync-provider-logic.ts": {"lines":{"total":39,"covered":33,"skipped":0,"pct":84.61},"functions":{"total":4,"covered":4,"skipped":0,"pct":100},"statements":{"total":39,"covered":33,"skipped":0,"pct":84.61},"branches":{"total":36,"covered":28,"skipped":0,"pct":77.77}}
,"/Users/agurodriguez/Code/keeper.sh/applications/web/src/providers/sync-provider.tsx": {"lines":{"total":106,"covered":0,"skipped":0,"pct":0},"functions":{"total":23,"covered":0,"skipped":0,"pct":0},"statements":{"total":106,"covered":0,"skipped":0,"pct":0},"branches":{"total":40,"covered":0,"skipped":0,"pct":0}}
,"/Users/agurodriguez/Code/keeper.sh/applications/web/src/routes/__root.tsx": {"lines":{"total":28,"covered":0,"skipped":0,"pct":0},"functions":{"total":15,"covered":0,"skipped":0,"pct":0},"statements":{"total":31,"covered":0,"skipped":0,"pct":0},"branches":{"total":16,"covered":0,"skipped":0,"pct":0}}
,"/Users/agurodriguez/Code/keeper.sh/applications/web/src/routes/(auth)/forgot-password.tsx": {"lines":{"total":23,"covered":0,"skipped":0,"pct":0},"functions":{"total":4,"covered":0,"skipped":0,"pct":0},"statements":{"total":25,"covered":0,"skipped":0,"pct":0},"branches":{"total":10,"covered":0,"skipped":0,"pct":0}}
,"/Users/agurodriguez/Code/keeper.sh/applications/web/src/routes/(auth)/login.tsx": {"lines":{"total":6,"covered":5,"skipped":0,"pct":83.33},"functions":{"total":2,"covered":1,"skipped":0,"pct":50},"statements":{"total":6,"covered":5,"skipped":0,"pct":83.33},"branches":{"total":2,"covered":2,"skipped":0,"pct":100}}
,"/Users/agurodriguez/Code/keeper.sh/applications/web/src/routes/(auth)/register.tsx": {"lines":{"total":6,"covered":5,"skipped":0,"pct":83.33},"functions":{"total":2,"covered":1,"skipped":0,"pct":50},"statements":{"total":6,"covered":5,"skipped":0,"pct":83.33},"branches":{"total":2,"covered":2,"skipped":0,"pct":100}}
,"/Users/agurodriguez/Code/keeper.sh/applications/web/src/routes/(auth)/reset-password.tsx": {"lines":{"total":32,"covered":0,"skipped":0,"pct":0},"functions":{"total":7,"covered":0,"skipped":0,"pct":0},"statements":{"total":35,"covered":0,"skipped":0,"pct":0},"branches":{"total":20,"covered":0,"skipped":0,"pct":0}}
,"/Users/agurodriguez/Code/keeper.sh/applications/web/src/routes/(auth)/route.tsx": {"lines":{"total":8,"covered":0,"skipped":0,"pct":0},"functions":{"total":3,"covered":0,"skipped":0,"pct":0},"statements":{"total":8,"covered":0,"skipped":0,"pct":0},"branches":{"total":4,"covered":0,"skipped":0,"pct":0}}
,"/Users/agurodriguez/Code/keeper.sh/applications/web/src/routes/(auth)/verify-authentication.tsx": {"lines":{"total":6,"covered":0,"skipped":0,"pct":0},"functions":{"total":2,"covered":0,"skipped":0,"pct":0},"statements":{"total":7,"covered":0,"skipped":0,"pct":0},"branches":{"total":4,"covered":0,"skipped":0,"pct":0}}
,"/Users/agurodriguez/Code/keeper.sh/applications/web/src/routes/(auth)/verify-email.tsx": {"lines":{"total":26,"covered":0,"skipped":0,"pct":0},"functions":{"total":5,"covered":0,"skipped":0,"pct":0},"statements":{"total":29,"covered":0,"skipped":0,"pct":0},"branches":{"total":20,"covered":0,"skipped":0,"pct":0}}
,"/Users/agurodriguez/Code/keeper.sh/applications/web/src/routes/(dashboard)/route.tsx": {"lines":{"total":7,"covered":0,"skipped":0,"pct":0},"functions":{"total":3,"covered":0,"skipped":0,"pct":0},"statements":{"total":7,"covered":0,"skipped":0,"pct":0},"branches":{"total":4,"covered":0,"skipped":0,"pct":0}}
,"/Users/agurodriguez/Code/keeper.sh/applications/web/src/routes/(dashboard)/dashboard/feedback.tsx": {"lines":{"total":19,"covered":18,"skipped":0,"pct":94.73},"functions":{"total":2,"covered":2,"skipped":0,"pct":100},"statements":{"total":20,"covered":18,"skipped":0,"pct":90},"branches":{"total":8,"covered":6,"skipped":0,"pct":75}}
,"/Users/agurodriguez/Code/keeper.sh/applications/web/src/routes/(dashboard)/dashboard/ical.tsx": {"lines":{"total":96,"covered":0,"skipped":0,"pct":0},"functions":{"total":36,"covered":0,"skipped":0,"pct":0},"statements":{"total":108,"covered":0,"skipped":0,"pct":0},"branches":{"total":46,"covered":0,"skipped":0,"pct":0}}
,"/Users/agurodriguez/Code/keeper.sh/applications/web/src/routes/(dashboard)/dashboard/index.tsx": {"lines":{"total":21,"covered":12,"skipped":0,"pct":57.14},"functions":{"total":9,"covered":3,"skipped":0,"pct":33.33},"statements":{"total":21,"covered":12,"skipped":0,"pct":57.14},"branches":{"total":24,"covered":14,"skipped":0,"pct":58.33}}
,"/Users/agurodriguez/Code/keeper.sh/applications/web/src/routes/(dashboard)/dashboard/report.tsx": {"lines":{"total":20,"covered":19,"skipped":0,"pct":95},"functions":{"total":2,"covered":2,"skipped":0,"pct":100},"statements":{"total":21,"covered":19,"skipped":0,"pct":90.47},"branches":{"total":8,"covered":6,"skipped":0,"pct":75}}
,"/Users/agurodriguez/Code/keeper.sh/applications/web/src/routes/(dashboard)/dashboard/accounts/$accountId.$calendarId.tsx": {"lines":{"total":159,"covered":0,"skipped":0,"pct":0},"functions":{"total":54,"covered":0,"skipped":0,"pct":0},"statements":{"total":180,"covered":0,"skipped":0,"pct":0},"branches":{"total":101,"covered":0,"skipped":0,"pct":0}}
,"/Users/agurodriguez/Code/keeper.sh/applications/web/src/routes/(dashboard)/dashboard/accounts/$accountId.index.tsx": {"lines":{"total":43,"covered":27,"skipped":0,"pct":62.79},"functions":{"total":13,"covered":7,"skipped":0,"pct":53.84},"statements":{"total":49,"covered":29,"skipped":0,"pct":59.18},"branches":{"total":43,"covered":23,"skipped":0,"pct":53.48}}
,"/Users/agurodriguez/Code/keeper.sh/applications/web/src/routes/(dashboard)/dashboard/accounts/$accountId.setup.tsx": {"lines":{"total":140,"covered":0,"skipped":0,"pct":0},"functions":{"total":48,"covered":0,"skipped":0,"pct":0},"statements":{"total":154,"covered":0,"skipped":0,"pct":0},"branches":{"total":90,"covered":0,"skipped":0,"pct":0}}
,"/Users/agurodriguez/Code/keeper.sh/applications/web/src/routes/(dashboard)/dashboard/accounts/route.tsx": {"lines":{"total":2,"covered":0,"skipped":0,"pct":0},"functions":{"total":1,"covered":0,"skipped":0,"pct":0},"statements":{"total":2,"covered":0,"skipped":0,"pct":0},"branches":{"total":0,"covered":0,"skipped":0,"pct":100}}
,"/Users/agurodriguez/Code/keeper.sh/applications/web/src/routes/(dashboard)/dashboard/connect/index.tsx": {"lines":{"total":4,"covered":4,"skipped":0,"pct":100},"functions":{"total":1,"covered":1,"skipped":0,"pct":100},"statements":{"total":4,"covered":4,"skipped":0,"pct":100},"branches":{"total":0,"covered":0,"skipped":0,"pct":100}}
,"/Users/agurodriguez/Code/keeper.sh/applications/web/src/routes/(dashboard)/dashboard/connect/route.tsx": {"lines":{"total":2,"covered":0,"skipped":0,"pct":0},"functions":{"total":1,"covered":0,"skipped":0,"pct":0},"statements":{"total":2,"covered":0,"skipped":0,"pct":0},"branches":{"total":0,"covered":0,"skipped":0,"pct":100}}
,"/Users/agurodriguez/Code/keeper.sh/applications/web/src/routes/(dashboard)/dashboard/events/index.tsx": {"lines":{"total":39,"covered":0,"skipped":0,"pct":0},"functions":{"total":16,"covered":0,"skipped":0,"pct":0},"statements":{"total":49,"covered":0,"skipped":0,"pct":0},"branches":{"total":23,"covered":0,"skipped":0,"pct":0}}
,"/Users/agurodriguez/Code/keeper.sh/applications/web/src/routes/(dashboard)/dashboard/integrations/index.tsx": {"lines":{"total":8,"covered":3,"skipped":0,"pct":37.5},"functions":{"total":4,"covered":1,"skipped":0,"pct":25},"statements":{"total":9,"covered":3,"skipped":0,"pct":33.33},"branches":{"total":4,"covered":0,"skipped":0,"pct":0}}
,"/Users/agurodriguez/Code/keeper.sh/applications/web/src/routes/(dashboard)/dashboard/settings/api-tokens.tsx": {"lines":{"total":65,"covered":22,"skipped":0,"pct":33.84},"functions":{"total":22,"covered":5,"skipped":0,"pct":22.72},"statements":{"total":72,"covered":22,"skipped":0,"pct":30.55},"branches":{"total":27,"covered":8,"skipped":0,"pct":29.62}}
,"/Users/agurodriguez/Code/keeper.sh/applications/web/src/routes/(dashboard)/dashboard/settings/change-password.tsx": {"lines":{"total":29,"covered":0,"skipped":0,"pct":0},"functions":{"total":5,"covered":0,"skipped":0,"pct":0},"statements":{"total":31,"covered":0,"skipped":0,"pct":0},"branches":{"total":17,"covered":0,"skipped":0,"pct":0}}
,"/Users/agurodriguez/Code/keeper.sh/applications/web/src/routes/(dashboard)/dashboard/settings/index.tsx": {"lines":{"total":52,"covered":0,"skipped":0,"pct":0},"functions":{"total":9,"covered":0,"skipped":0,"pct":0},"statements":{"total":54,"covered":0,"skipped":0,"pct":0},"branches":{"total":42,"covered":0,"skipped":0,"pct":0}}
,"/Users/agurodriguez/Code/keeper.sh/applications/web/src/routes/(dashboard)/dashboard/settings/passkeys.tsx": {"lines":{"total":36,"covered":0,"skipped":0,"pct":0},"functions":{"total":13,"covered":0,"skipped":0,"pct":0},"statements":{"total":40,"covered":0,"skipped":0,"pct":0},"branches":{"total":21,"covered":0,"skipped":0,"pct":0}}
,"/Users/agurodriguez/Code/keeper.sh/applications/web/src/routes/(dashboard)/dashboard/settings/route.tsx": {"lines":{"total":2,"covered":0,"skipped":0,"pct":0},"functions":{"total":1,"covered":0,"skipped":0,"pct":0},"statements":{"total":2,"covered":0,"skipped":0,"pct":0},"branches":{"total":0,"covered":0,"skipped":0,"pct":100}}
,"/Users/agurodriguez/Code/keeper.sh/applications/web/src/routes/(dashboard)/dashboard/upgrade/index.tsx": {"lines":{"total":56,"covered":0,"skipped":0,"pct":0},"functions":{"total":13,"covered":0,"skipped":0,"pct":0},"statements":{"total":58,"covered":0,"skipped":0,"pct":0},"branches":{"total":44,"covered":0,"skipped":0,"pct":0}}
,"/Users/agurodriguez/Code/keeper.sh/applications/web/src/routes/(marketing)/index.tsx": {"lines":{"total":19,"covered":16,"skipped":0,"pct":84.21},"functions":{"total":9,"covered":6,"skipped":0,"pct":66.66},"statements":{"total":20,"covered":17,"skipped":0,"pct":85},"branches":{"total":2,"covered":2,"skipped":0,"pct":100}}
,"/Users/agurodriguez/Code/keeper.sh/applications/web/src/routes/(marketing)/privacy.tsx": {"lines":{"total":4,"covered":0,"skipped":0,"pct":0},"functions":{"total":3,"covered":0,"skipped":0,"pct":0},"statements":{"total":4,"covered":0,"skipped":0,"pct":0},"branches":{"total":0,"covered":0,"skipped":0,"pct":100}}
,"/Users/agurodriguez/Code/keeper.sh/applications/web/src/routes/(marketing)/route.tsx": {"lines":{"total":11,"covered":0,"skipped":0,"pct":0},"functions":{"total":4,"covered":0,"skipped":0,"pct":0},"statements":{"total":11,"covered":0,"skipped":0,"pct":0},"branches":{"total":6,"covered":0,"skipped":0,"pct":0}}
,"/Users/agurodriguez/Code/keeper.sh/applications/web/src/routes/(marketing)/terms.tsx": {"lines":{"total":4,"covered":0,"skipped":0,"pct":0},"functions":{"total":3,"covered":0,"skipped":0,"pct":0},"statements":{"total":4,"covered":0,"skipped":0,"pct":0},"branches":{"total":0,"covered":0,"skipped":0,"pct":100}}
,"/Users/agurodriguez/Code/keeper.sh/applications/web/src/routes/(marketing)/blog/$slug.tsx": {"lines":{"total":15,"covered":0,"skipped":0,"pct":0},"functions":{"total":3,"covered":0,"skipped":0,"pct":0},"statements":{"total":15,"covered":0,"skipped":0,"pct":0},"branches":{"total":6,"covered":0,"skipped":0,"pct":0}}
,"/Users/agurodriguez/Code/keeper.sh/applications/web/src/routes/(marketing)/blog/index.tsx": {"lines":{"total":5,"covered":0,"skipped":0,"pct":0},"functions":{"total":3,"covered":0,"skipped":0,"pct":0},"statements":{"total":5,"covered":0,"skipped":0,"pct":0},"branches":{"total":0,"covered":0,"skipped":0,"pct":100}}
,"/Users/agurodriguez/Code/keeper.sh/applications/web/src/routes/(marketing)/blog/route.tsx": {"lines":{"total":2,"covered":0,"skipped":0,"pct":0},"functions":{"total":1,"covered":0,"skipped":0,"pct":0},"statements":{"total":2,"covered":0,"skipped":0,"pct":0},"branches":{"total":0,"covered":0,"skipped":0,"pct":100}}
,"/Users/agurodriguez/Code/keeper.sh/applications/web/src/routes/(oauth)/route.tsx": {"lines":{"total":3,"covered":0,"skipped":0,"pct":0},"functions":{"total":2,"covered":0,"skipped":0,"pct":0},"statements":{"total":3,"covered":0,"skipped":0,"pct":0},"branches":{"total":0,"covered":0,"skipped":0,"pct":100}}
,"/Users/agurodriguez/Code/keeper.sh/applications/web/src/routes/(oauth)/auth/google.tsx": {"lines":{"total":7,"covered":0,"skipped":0,"pct":0},"functions":{"total":2,"covered":0,"skipped":0,"pct":0},"statements":{"total":7,"covered":0,"skipped":0,"pct":0},"branches":{"total":4,"covered":0,"skipped":0,"pct":0}}
,"/Users/agurodriguez/Code/keeper.sh/applications/web/src/routes/(oauth)/auth/outlook.tsx": {"lines":{"total":7,"covered":0,"skipped":0,"pct":0},"functions":{"total":2,"covered":0,"skipped":0,"pct":0},"statements":{"total":7,"covered":0,"skipped":0,"pct":0},"branches":{"total":4,"covered":0,"skipped":0,"pct":0}}
,"/Users/agurodriguez/Code/keeper.sh/applications/web/src/routes/(oauth)/auth/route.tsx": {"lines":{"total":5,"covered":0,"skipped":0,"pct":0},"functions":{"total":2,"covered":0,"skipped":0,"pct":0},"statements":{"total":5,"covered":0,"skipped":0,"pct":0},"branches":{"total":2,"covered":0,"skipped":0,"pct":0}}
,"/Users/agurodriguez/Code/keeper.sh/applications/web/src/routes/(oauth)/dashboard/route.tsx": {"lines":{"total":5,"covered":0,"skipped":0,"pct":0},"functions":{"total":2,"covered":0,"skipped":0,"pct":0},"statements":{"total":5,"covered":0,"skipped":0,"pct":0},"branches":{"total":2,"covered":0,"skipped":0,"pct":0}}
,"/Users/agurodriguez/Code/keeper.sh/applications/web/src/routes/(oauth)/dashboard/connect/apple.tsx": {"lines":{"total":2,"covered":0,"skipped":0,"pct":0},"functions":{"total":1,"covered":0,"skipped":0,"pct":0},"statements":{"total":2,"covered":0,"skipped":0,"pct":0},"branches":{"total":0,"covered":0,"skipped":0,"pct":100}}
,"/Users/agurodriguez/Code/keeper.sh/applications/web/src/routes/(oauth)/dashboard/connect/caldav.tsx": {"lines":{"total":2,"covered":0,"skipped":0,"pct":0},"functions":{"total":1,"covered":0,"skipped":0,"pct":0},"statements":{"total":2,"covered":0,"skipped":0,"pct":0},"branches":{"total":0,"covered":0,"skipped":0,"pct":100}}
,"/Users/agurodriguez/Code/keeper.sh/applications/web/src/routes/(oauth)/dashboard/connect/fastmail.tsx": {"lines":{"total":2,"covered":0,"skipped":0,"pct":0},"functions":{"total":1,"covered":0,"skipped":0,"pct":0},"statements":{"total":2,"covered":0,"skipped":0,"pct":0},"branches":{"total":0,"covered":0,"skipped":0,"pct":100}}
,"/Users/agurodriguez/Code/keeper.sh/applications/web/src/routes/(oauth)/dashboard/connect/google.tsx": {"lines":{"total":2,"covered":0,"skipped":0,"pct":0},"functions":{"total":1,"covered":0,"skipped":0,"pct":0},"statements":{"total":2,"covered":0,"skipped":0,"pct":0},"branches":{"total":0,"covered":0,"skipped":0,"pct":100}}
,"/Users/agurodriguez/Code/keeper.sh/applications/web/src/routes/(oauth)/dashboard/connect/ical-link.tsx": {"lines":{"total":2,"covered":0,"skipped":0,"pct":0},"functions":{"total":1,"covered":0,"skipped":0,"pct":0},"statements":{"total":2,"covered":0,"skipped":0,"pct":0},"branches":{"total":0,"covered":0,"skipped":0,"pct":100}}
,"/Users/agurodriguez/Code/keeper.sh/applications/web/src/routes/(oauth)/dashboard/connect/ics-file.tsx": {"lines":{"total":2,"covered":0,"skipped":0,"pct":0},"functions":{"total":1,"covered":0,"skipped":0,"pct":0},"statements":{"total":2,"covered":0,"skipped":0,"pct":0},"branches":{"total":0,"covered":0,"skipped":0,"pct":100}}
,"/Users/agurodriguez/Code/keeper.sh/applications/web/src/routes/(oauth)/dashboard/connect/microsoft.tsx": {"lines":{"total":2,"covered":0,"skipped":0,"pct":0},"functions":{"total":1,"covered":0,"skipped":0,"pct":0},"statements":{"total":2,"covered":0,"skipped":0,"pct":0},"branches":{"total":0,"covered":0,"skipped":0,"pct":100}}
,"/Users/agurodriguez/Code/keeper.sh/applications/web/src/routes/(oauth)/dashboard/connect/outlook.tsx": {"lines":{"total":2,"covered":0,"skipped":0,"pct":0},"functions":{"total":1,"covered":0,"skipped":0,"pct":0},"statements":{"total":2,"covered":0,"skipped":0,"pct":0},"branches":{"total":0,"covered":0,"skipped":0,"pct":100}}
,"/Users/agurodriguez/Code/keeper.sh/applications/web/src/routes/(oauth)/dashboard/connect/route.tsx": {"lines":{"total":2,"covered":0,"skipped":0,"pct":0},"functions":{"total":1,"covered":0,"skipped":0,"pct":0},"statements":{"total":2,"covered":0,"skipped":0,"pct":0},"branches":{"total":0,"covered":0,"skipped":0,"pct":100}}
,"/Users/agurodriguez/Code/keeper.sh/applications/web/src/routes/(oauth)/dashboard/connect/zoho.tsx": {"lines":{"total":2,"covered":0,"skipped":0,"pct":0},"functions":{"total":1,"covered":0,"skipped":0,"pct":0},"statements":{"total":2,"covered":0,"skipped":0,"pct":0},"branches":{"total":0,"covered":0,"skipped":0,"pct":100}}
,"/Users/agurodriguez/Code/keeper.sh/applications/web/src/routes/(oauth)/oauth/consent.tsx": {"lines":{"total":50,"covered":0,"skipped":0,"pct":0},"functions":{"total":11,"covered":0,"skipped":0,"pct":0},"statements":{"total":51,"covered":0,"skipped":0,"pct":0},"branches":{"total":30,"covered":0,"skipped":0,"pct":0}}
,"/Users/agurodriguez/Code/keeper.sh/applications/web/src/state/auth-form.ts": {"lines":{"total":6,"covered":6,"skipped":0,"pct":100},"functions":{"total":6,"covered":6,"skipped":0,"pct":100},"statements":{"total":12,"covered":12,"skipped":0,"pct":100},"branches":{"total":0,"covered":0,"skipped":0,"pct":100}}
,"/Users/agurodriguez/Code/keeper.sh/applications/web/src/state/calendar-detail.ts": {"lines":{"total":14,"covered":0,"skipped":0,"pct":0},"functions":{"total":10,"covered":0,"skipped":0,"pct":0},"statements":{"total":24,"covered":0,"skipped":0,"pct":0},"branches":{"total":20,"covered":0,"skipped":0,"pct":0}}
,"/Users/agurodriguez/Code/keeper.sh/applications/web/src/state/calendar-emphasized.ts": {"lines":{"total":1,"covered":1,"skipped":0,"pct":100},"functions":{"total":0,"covered":0,"skipped":0,"pct":100},"statements":{"total":1,"covered":1,"skipped":0,"pct":100},"branches":{"total":0,"covered":0,"skipped":0,"pct":100}}
,"/Users/agurodriguez/Code/keeper.sh/applications/web/src/state/destination-ids.ts": {"lines":{"total":3,"covered":0,"skipped":0,"pct":0},"functions":{"total":2,"covered":0,"skipped":0,"pct":0},"statements":{"total":4,"covered":0,"skipped":0,"pct":0},"branches":{"total":0,"covered":0,"skipped":0,"pct":100}}
,"/Users/agurodriguez/Code/keeper.sh/applications/web/src/state/event-graph-hover.ts": {"lines":{"total":2,"covered":0,"skipped":0,"pct":0},"functions":{"total":0,"covered":0,"skipped":0,"pct":100},"statements":{"total":2,"covered":0,"skipped":0,"pct":0},"branches":{"total":0,"covered":0,"skipped":0,"pct":100}}
,"/Users/agurodriguez/Code/keeper.sh/applications/web/src/state/ical-feed-settings.ts": {"lines":{"total":10,"covered":0,"skipped":0,"pct":0},"functions":{"total":6,"covered":0,"skipped":0,"pct":0},"statements":{"total":16,"covered":0,"skipped":0,"pct":0},"branches":{"total":0,"covered":0,"skipped":0,"pct":100}}
,"/Users/agurodriguez/Code/keeper.sh/applications/web/src/state/ical-sources.ts": {"lines":{"total":3,"covered":0,"skipped":0,"pct":0},"functions":{"total":2,"covered":0,"skipped":0,"pct":0},"statements":{"total":4,"covered":0,"skipped":0,"pct":0},"branches":{"total":2,"covered":0,"skipped":0,"pct":0}}
,"/Users/agurodriguez/Code/keeper.sh/applications/web/src/state/popover-overlay.ts": {"lines":{"total":1,"covered":1,"skipped":0,"pct":100},"functions":{"total":0,"covered":0,"skipped":0,"pct":100},"statements":{"total":1,"covered":1,"skipped":0,"pct":100},"branches":{"total":0,"covered":0,"skipped":0,"pct":100}}
,"/Users/agurodriguez/Code/keeper.sh/applications/web/src/state/sync.ts": {"lines":{"total":13,"covered":0,"skipped":0,"pct":0},"functions":{"total":2,"covered":0,"skipped":0,"pct":0},"statements":{"total":13,"covered":0,"skipped":0,"pct":0},"branches":{"total":11,"covered":0,"skipped":0,"pct":0}}
,"/Users/agurodriguez/Code/keeper.sh/applications/web/src/utils/calendars.ts": {"lines":{"total":6,"covered":6,"skipped":0,"pct":100},"functions":{"total":3,"covered":3,"skipped":0,"pct":100},"statements":{"total":6,"covered":6,"skipped":0,"pct":100},"branches":{"total":2,"covered":2,"skipped":0,"pct":100}}
,"/Users/agurodriguez/Code/keeper.sh/applications/web/src/utils/checkout.ts": {"lines":{"total":14,"covered":0,"skipped":0,"pct":0},"functions":{"total":5,"covered":0,"skipped":0,"pct":0},"statements":{"total":14,"covered":0,"skipped":0,"pct":0},"branches":{"total":4,"covered":0,"skipped":0,"pct":0}}
,"/Users/agurodriguez/Code/keeper.sh/applications/web/src/utils/cn.ts": {"lines":{"total":1,"covered":1,"skipped":0,"pct":100},"functions":{"total":1,"covered":1,"skipped":0,"pct":100},"statements":{"total":1,"covered":1,"skipped":0,"pct":100},"branches":{"total":0,"covered":0,"skipped":0,"pct":100}}
,"/Users/agurodriguez/Code/keeper.sh/applications/web/src/utils/collections.ts": {"lines":{"total":2,"covered":0,"skipped":0,"pct":0},"functions":{"total":2,"covered":0,"skipped":0,"pct":0},"statements":{"total":4,"covered":0,"skipped":0,"pct":0},"branches":{"total":4,"covered":0,"skipped":0,"pct":0}}
,"/Users/agurodriguez/Code/keeper.sh/applications/web/src/utils/errors.ts": {"lines":{"total":2,"covered":2,"skipped":0,"pct":100},"functions":{"total":1,"covered":1,"skipped":0,"pct":100},"statements":{"total":3,"covered":3,"skipped":0,"pct":100},"branches":{"total":2,"covered":2,"skipped":0,"pct":100}}
,"/Users/agurodriguez/Code/keeper.sh/applications/web/src/utils/templates.ts": {"lines":{"total":12,"covered":0,"skipped":0,"pct":0},"functions":{"total":1,"covered":0,"skipped":0,"pct":0},"statements":{"total":12,"covered":0,"skipped":0,"pct":0},"branches":{"total":4,"covered":0,"skipped":0,"pct":0}}
}
