{"total": {"lines":{"total":164,"covered":55,"skipped":0,"pct":33.53},"statements":{"total":164,"covered":55,"skipped":0,"pct":33.53},"functions":{"total":22,"covered":7,"skipped":0,"pct":31.81},"branches":{"total":72,"covered":14,"skipped":0,"pct":19.44},"branchesTrue":{"total":0,"covered":0,"skipped":0,"pct":"Unknown"}}
,"/Users/agurodriguez/Code/keeper.sh/packages/sync/src/destination-errors.ts": {"lines":{"total":11,"covered":11,"skipped":0,"pct":100},"functions":{"total":2,"covered":2,"skipped":0,"pct":100},"statements":{"total":11,"covered":11,"skipped":0,"pct":100},"branches":{"total":4,"covered":4,"skipped":0,"pct":100}}
,"/Users/agurodriguez/Code/keeper.sh/packages/sync/src/resolve-provider.ts": {"lines":{"total":31,"covered":0,"skipped":0,"pct":0},"functions":{"total":5,"covered":0,"skipped":0,"pct":0},"statements":{"total":31,"covered":0,"skipped":0,"pct":0},"branches":{"total":28,"covered":0,"skipped":0,"pct":0}}
,"/Users/agurodriguez/Code/keeper.sh/packages/sync/src/sync-lock.ts": {"lines":{"total":51,"covered":44,"skipped":0,"pct":86.27},"functions":{"total":7,"covered":5,"skipped":0,"pct":71.42},"statements":{"total":51,"covered":44,"skipped":0,"pct":86.27},"branches":{"total":12,"covered":10,"skipped":0,"pct":83.33}}
,"/Users/agurodriguez/Code/keeper.sh/packages/sync/src/sync-user.ts": {"lines":{"total":71,"covered":0,"skipped":0,"pct":0},"functions":{"total":8,"covered":0,"skipped":0,"pct":0},"statements":{"total":71,"covered":0,"skipped":0,"pct":0},"branches":{"total":28,"covered":0,"skipped":0,"pct":0}}
}
